{"/Users/mercelvubangsi/Documents/GitHub/Alarmcodeb/textsecurity-control-app/frontend/src/App.js": {"path":"/Users/mercelvubangsi/Documents/GitHub/Alarmcodeb/textsecurity-control-app/frontend/src/App.js","statementMap":{"0":{"start":{"line":9,"column":28},"end":{"line":9,"column":67}},"1":{"start":{"line":10,"column":34},"end":{"line":10,"column":76}},"2":{"start":{"line":13,"column":2},"end":{"line":29,"column":9}},"3":{"start":{"line":14,"column":32},"end":{"line":17,"column":5}},"4":{"start":{"line":15,"column":6},"end":{"line":15,"column":46}},"5":{"start":{"line":16,"column":6},"end":{"line":16,"column":52}},"6":{"start":{"line":20,"column":4},"end":{"line":20,"column":60}},"7":{"start":{"line":23,"column":4},"end":{"line":23,"column":63}},"8":{"start":{"line":25,"column":4},"end":{"line":28,"column":6}},"9":{"start":{"line":26,"column":6},"end":{"line":26,"column":65}},"10":{"start":{"line":27,"column":6},"end":{"line":27,"column":68}},"11":{"start":{"line":31,"column":2},"end":{"line":54,"column":4}}},"fnMap":{"0":{"name":"App","decl":{"start":{"line":8,"column":9},"end":{"line":8,"column":12}},"loc":{"start":{"line":8,"column":15},"end":{"line":55,"column":1}},"line":8},"1":{"name":"(anonymous_1)","decl":{"start":{"line":13,"column":12},"end":{"line":13,"column":13}},"loc":{"start":{"line":13,"column":18},"end":{"line":29,"column":3}},"line":13},"2":{"name":"(anonymous_2)","decl":{"start":{"line":14,"column":32},"end":{"line":14,"column":33}},"loc":{"start":{"line":14,"column":38},"end":{"line":17,"column":5}},"line":14},"3":{"name":"(anonymous_3)","decl":{"start":{"line":25,"column":11},"end":{"line":25,"column":12}},"loc":{"start":{"line":25,"column":17},"end":{"line":28,"column":5}},"line":25}},"branchMap":{"0":{"loc":{"start":{"line":37,"column":21},"end":{"line":37,"column":80}},"type":"cond-expr","locations":[{"start":{"line":37,"column":30},"end":{"line":37,"column":43}},{"start":{"line":37,"column":46},"end":{"line":37,"column":80}}],"line":37},"1":{"loc":{"start":{"line":41,"column":21},"end":{"line":41,"column":79}},"type":"cond-expr","locations":[{"start":{"line":41,"column":29},"end":{"line":41,"column":44}},{"start":{"line":41,"column":47},"end":{"line":41,"column":79}}],"line":41},"2":{"loc":{"start":{"line":45,"column":21},"end":{"line":45,"column":105}},"type":"cond-expr","locations":[{"start":{"line":45,"column":53},"end":{"line":45,"column":70}},{"start":{"line":45,"column":73},"end":{"line":45,"column":105}}],"line":45},"3":{"loc":{"start":{"line":45,"column":21},"end":{"line":45,"column":50}},"type":"binary-expr","locations":[{"start":{"line":45,"column":21},"end":{"line":45,"column":26}},{"start":{"line":45,"column":30},"end":{"line":45,"column":50}}],"line":45},"4":{"loc":{"start":{"line":49,"column":35},"end":{"line":49,"column":64}},"type":"cond-expr","locations":[{"start":{"line":49,"column":43},"end":{"line":49,"column":53}},{"start":{"line":49,"column":56},"end":{"line":49,"column":64}}],"line":49}},"s":{"0":0,"1":0,"2":0,"3":0,"4":0,"5":0,"6":0,"7":0,"8":0,"9":0,"10":0,"11":0},"f":{"0":0,"1":0,"2":0,"3":0},"b":{"0":[0,0],"1":[0,0],"2":[0,0],"3":[0,0],"4":[0,0]}}
,"/Users/mercelvubangsi/Documents/GitHub/Alarmcodeb/textsecurity-control-app/frontend/src/index.js": {"path":"/Users/mercelvubangsi/Documents/GitHub/Alarmcodeb/textsecurity-control-app/frontend/src/index.js","statementMap":{"0":{"start":{"line":5,"column":13},"end":{"line":5,"column":65}},"1":{"start":{"line":6,"column":0},"end":{"line":10,"column":2}}},"fnMap":{},"branchMap":{},"s":{"0":0,"1":0},"f":{},"b":{}}
,"/Users/mercelvubangsi/Documents/GitHub/Alarmcodeb/textsecurity-control-app/frontend/src/pages/CommandPage.js": {"path":"/Users/mercelvubangsi/Documents/GitHub/Alarmcodeb/textsecurity-control-app/frontend/src/pages/CommandPage.js","statementMap":{"0":{"start":{"line":6,"column":20},"end":{"line":283,"column":1}},"1":{"start":{"line":7,"column":32},"end":{"line":7,"column":44}},"2":{"start":{"line":8,"column":32},"end":{"line":8,"column":47}},"3":{"start":{"line":9,"column":28},"end":{"line":9,"column":40}},"4":{"start":{"line":10,"column":32},"end":{"line":10,"column":44}},"5":{"start":{"line":11,"column":32},"end":{"line":11,"column":44}},"6":{"start":{"line":12,"column":40},"end":{"line":12,"column":54}},"7":{"start":{"line":13,"column":38},"end":{"line":13,"column":52}},"8":{"start":{"line":14,"column":19},"end":{"line":14,"column":32}},"9":{"start":{"line":15,"column":19},"end":{"line":15,"column":51}},"10":{"start":{"line":17,"column":2},"end":{"line":26,"column":9}},"11":{"start":{"line":19,"column":25},"end":{"line":19,"column":63}},"12":{"start":{"line":20,"column":4},"end":{"line":22,"column":5}},"13":{"start":{"line":21,"column":6},"end":{"line":21,"column":43}},"14":{"start":{"line":25,"column":4},"end":{"line":25,"column":23}},"15":{"start":{"line":28,"column":27},"end":{"line":37,"column":3}},"16":{"start":{"line":29,"column":4},"end":{"line":36,"column":5}},"17":{"start":{"line":30,"column":23},"end":{"line":30,"column":56}},"18":{"start":{"line":31,"column":6},"end":{"line":33,"column":7}},"19":{"start":{"line":32,"column":8},"end":{"line":32,"column":45}},"20":{"start":{"line":35,"column":6},"end":{"line":35,"column":58}},"21":{"start":{"line":39,"column":24},"end":{"line":50,"column":3}},"22":{"start":{"line":40,"column":21},"end":{"line":45,"column":5}},"23":{"start":{"line":47,"column":23},"end":{"line":47,"column":58}},"24":{"start":{"line":48,"column":4},"end":{"line":48,"column":27}},"25":{"start":{"line":49,"column":4},"end":{"line":49,"column":71}},"26":{"start":{"line":52,"column":23},"end":{"line":77,"column":3}},"27":{"start":{"line":53,"column":4},"end":{"line":53,"column":23}},"28":{"start":{"line":54,"column":4},"end":{"line":54,"column":32}},"29":{"start":{"line":54,"column":25},"end":{"line":54,"column":32}},"30":{"start":{"line":56,"column":4},"end":{"line":56,"column":17}},"31":{"start":{"line":57,"column":4},"end":{"line":57,"column":19}},"32":{"start":{"line":58,"column":4},"end":{"line":58,"column":21}},"33":{"start":{"line":60,"column":4},"end":{"line":76,"column":5}},"34":{"start":{"line":61,"column":21},"end":{"line":61,"column":58}},"35":{"start":{"line":62,"column":6},"end":{"line":62,"column":37}},"36":{"start":{"line":63,"column":6},"end":{"line":63,"column":21}},"37":{"start":{"line":64,"column":6},"end":{"line":64,"column":28}},"38":{"start":{"line":65,"column":6},"end":{"line":65,"column":76}},"39":{"start":{"line":68,"column":6},"end":{"line":70,"column":14}},"40":{"start":{"line":69,"column":8},"end":{"line":69,"column":37}},"41":{"start":{"line":72,"column":6},"end":{"line":72,"column":64}},"42":{"start":{"line":73,"column":6},"end":{"line":73,"column":80}},"43":{"start":{"line":75,"column":6},"end":{"line":75,"column":24}},"44":{"start":{"line":79,"column":23},"end":{"line":82,"column":3}},"45":{"start":{"line":80,"column":4},"end":{"line":80,"column":20}},"46":{"start":{"line":81,"column":4},"end":{"line":81,"column":42}},"47":{"start":{"line":84,"column":23},"end":{"line":87,"column":3}},"48":{"start":{"line":85,"column":4},"end":{"line":85,"column":19}},"49":{"start":{"line":86,"column":4},"end":{"line":86,"column":46}},"50":{"start":{"line":89,"column":2},"end":{"line":282,"column":4}},"51":{"start":{"line":153,"column":35},"end":{"line":153,"column":61}},"52":{"start":{"line":270,"column":14},"end":{"line":276,"column":20}}},"fnMap":{"0":{"name":"(anonymous_0)","decl":{"start":{"line":6,"column":20},"end":{"line":6,"column":21}},"loc":{"start":{"line":6,"column":26},"end":{"line":283,"column":1}},"line":6},"1":{"name":"(anonymous_1)","decl":{"start":{"line":17,"column":12},"end":{"line":17,"column":13}},"loc":{"start":{"line":17,"column":18},"end":{"line":26,"column":3}},"line":17},"2":{"name":"(anonymous_2)","decl":{"start":{"line":28,"column":27},"end":{"line":28,"column":28}},"loc":{"start":{"line":28,"column":59},"end":{"line":37,"column":3}},"line":28},"3":{"name":"(anonymous_3)","decl":{"start":{"line":39,"column":24},"end":{"line":39,"column":25}},"loc":{"start":{"line":39,"column":45},"end":{"line":50,"column":3}},"line":39},"4":{"name":"(anonymous_4)","decl":{"start":{"line":52,"column":23},"end":{"line":52,"column":24}},"loc":{"start":{"line":52,"column":36},"end":{"line":77,"column":3}},"line":52},"5":{"name":"(anonymous_5)","decl":{"start":{"line":68,"column":17},"end":{"line":68,"column":18}},"loc":{"start":{"line":68,"column":29},"end":{"line":70,"column":7}},"line":68},"6":{"name":"(anonymous_6)","decl":{"start":{"line":79,"column":23},"end":{"line":79,"column":24}},"loc":{"start":{"line":79,"column":29},"end":{"line":82,"column":3}},"line":79},"7":{"name":"(anonymous_7)","decl":{"start":{"line":84,"column":23},"end":{"line":84,"column":24}},"loc":{"start":{"line":84,"column":29},"end":{"line":87,"column":3}},"line":84},"8":{"name":"(anonymous_8)","decl":{"start":{"line":153,"column":28},"end":{"line":153,"column":29}},"loc":{"start":{"line":153,"column":35},"end":{"line":153,"column":61}},"line":153},"9":{"name":"(anonymous_9)","decl":{"start":{"line":269,"column":25},"end":{"line":269,"column":26}},"loc":{"start":{"line":270,"column":14},"end":{"line":276,"column":20}},"line":270}},"branchMap":{"0":{"loc":{"start":{"line":20,"column":4},"end":{"line":22,"column":5}},"type":"if","locations":[{"start":{"line":20,"column":4},"end":{"line":22,"column":5}},{"start":{},"end":{}}],"line":20},"1":{"loc":{"start":{"line":28,"column":34},"end":{"line":28,"column":54}},"type":"default-arg","locations":[{"start":{"line":28,"column":49},"end":{"line":28,"column":54}}],"line":28},"2":{"loc":{"start":{"line":31,"column":6},"end":{"line":33,"column":7}},"type":"if","locations":[{"start":{"line":31,"column":6},"end":{"line":33,"column":7}},{"start":{},"end":{}}],"line":31},"3":{"loc":{"start":{"line":31,"column":10},"end":{"line":31,"column":94}},"type":"binary-expr","locations":[{"start":{"line":31,"column":10},"end":{"line":31,"column":22}},{"start":{"line":31,"column":26},"end":{"line":31,"column":94}}],"line":31},"4":{"loc":{"start":{"line":54,"column":4},"end":{"line":54,"column":32}},"type":"if","locations":[{"start":{"line":54,"column":4},"end":{"line":54,"column":32}},{"start":{},"end":{}}],"line":54},"5":{"loc":{"start":{"line":65,"column":17},"end":{"line":65,"column":74}},"type":"binary-expr","locations":[{"start":{"line":65,"column":17},"end":{"line":65,"column":39}},{"start":{"line":65,"column":43},"end":{"line":65,"column":74}}],"line":65},"6":{"loc":{"start":{"line":72,"column":15},"end":{"line":72,"column":62}},"type":"binary-expr","locations":[{"start":{"line":72,"column":15},"end":{"line":72,"column":42}},{"start":{"line":72,"column":46},"end":{"line":72,"column":62}}],"line":72},"7":{"loc":{"start":{"line":73,"column":29},"end":{"line":73,"column":76}},"type":"binary-expr","locations":[{"start":{"line":73,"column":29},"end":{"line":73,"column":56}},{"start":{"line":73,"column":60},"end":{"line":73,"column":76}}],"line":73},"8":{"loc":{"start":{"line":98,"column":13},"end":{"line":102,"column":13}},"type":"binary-expr","locations":[{"start":{"line":98,"column":13},"end":{"line":98,"column":33}},{"start":{"line":99,"column":14},"end":{"line":101,"column":21}}],"line":98},"9":{"loc":{"start":{"line":111,"column":7},"end":{"line":132,"column":7}},"type":"binary-expr","locations":[{"start":{"line":111,"column":7},"end":{"line":111,"column":18}},{"start":{"line":112,"column":8},"end":{"line":131,"column":14}}],"line":111},"10":{"loc":{"start":{"line":115,"column":44},"end":{"line":115,"column":98}},"type":"cond-expr","locations":[{"start":{"line":115,"column":64},"end":{"line":115,"column":78}},{"start":{"line":115,"column":81},"end":{"line":115,"column":98}}],"line":115},"11":{"loc":{"start":{"line":116,"column":15},"end":{"line":116,"column":55}},"type":"cond-expr","locations":[{"start":{"line":116,"column":35},"end":{"line":116,"column":42}},{"start":{"line":116,"column":45},"end":{"line":116,"column":55}}],"line":116},"12":{"loc":{"start":{"line":122,"column":15},"end":{"line":122,"column":55}},"type":"binary-expr","locations":[{"start":{"line":122,"column":15},"end":{"line":122,"column":46}},{"start":{"line":122,"column":50},"end":{"line":122,"column":55}}],"line":122},"13":{"loc":{"start":{"line":144,"column":13},"end":{"line":144,"column":60}},"type":"binary-expr","locations":[{"start":{"line":144,"column":13},"end":{"line":144,"column":18}},{"start":{"line":144,"column":22},"end":{"line":144,"column":60}}],"line":144},"14":{"loc":{"start":{"line":145,"column":13},"end":{"line":145,"column":66}},"type":"binary-expr","locations":[{"start":{"line":145,"column":13},"end":{"line":145,"column":20}},{"start":{"line":145,"column":24},"end":{"line":145,"column":66}}],"line":145},"15":{"loc":{"start":{"line":173,"column":17},"end":{"line":173,"column":64}},"type":"cond-expr","locations":[{"start":{"line":173,"column":27},"end":{"line":173,"column":44}},{"start":{"line":173,"column":47},"end":{"line":173,"column":64}}],"line":173},"16":{"loc":{"start":{"line":196,"column":13},"end":{"line":254,"column":13}},"type":"cond-expr","locations":[{"start":{"line":197,"column":14},"end":{"line":246,"column":20}},{"start":{"line":248,"column":14},"end":{"line":253,"column":20}}],"line":196},"17":{"loc":{"start":{"line":200,"column":21},"end":{"line":200,"column":65}},"type":"cond-expr","locations":[{"start":{"line":200,"column":42},"end":{"line":200,"column":53}},{"start":{"line":200,"column":56},"end":{"line":200,"column":65}}],"line":200},"18":{"loc":{"start":{"line":208,"column":19},"end":{"line":244,"column":19}},"type":"cond-expr","locations":[{"start":{"line":209,"column":20},"end":{"line":211,"column":26}},{"start":{"line":213,"column":20},"end":{"line":243,"column":23}}],"line":208},"19":{"loc":{"start":{"line":214,"column":23},"end":{"line":218,"column":23}},"type":"binary-expr","locations":[{"start":{"line":214,"column":23},"end":{"line":214,"column":41}},{"start":{"line":215,"column":24},"end":{"line":217,"column":30}}],"line":214},"20":{"loc":{"start":{"line":220,"column":23},"end":{"line":224,"column":23}},"type":"binary-expr","locations":[{"start":{"line":220,"column":23},"end":{"line":220,"column":40}},{"start":{"line":221,"column":24},"end":{"line":223,"column":30}}],"line":220},"21":{"loc":{"start":{"line":226,"column":23},"end":{"line":233,"column":23}},"type":"binary-expr","locations":[{"start":{"line":226,"column":23},"end":{"line":226,"column":40}},{"start":{"line":227,"column":24},"end":{"line":232,"column":30}}],"line":226},"22":{"loc":{"start":{"line":235,"column":23},"end":{"line":242,"column":23}},"type":"binary-expr","locations":[{"start":{"line":235,"column":23},"end":{"line":235,"column":48}},{"start":{"line":236,"column":24},"end":{"line":241,"column":30}}],"line":235},"23":{"loc":{"start":{"line":259,"column":7},"end":{"line":280,"column":7}},"type":"binary-expr","locations":[{"start":{"line":259,"column":7},"end":{"line":259,"column":25}},{"start":{"line":260,"column":8},"end":{"line":279,"column":14}}],"line":259}},"s":{"0":0,"1":0,"2":0,"3":0,"4":0,"5":0,"6":0,"7":0,"8":0,"9":0,"10":0,"11":0,"12":0,"13":0,"14":0,"15":0,"16":0,"17":0,"18":0,"19":0,"20":0,"21":0,"22":0,"23":0,"24":0,"25":0,"26":0,"27":0,"28":0,"29":0,"30":0,"31":0,"32":0,"33":0,"34":0,"35":0,"36":0,"37":0,"38":0,"39":0,"40":0,"41":0,"42":0,"43":0,"44":0,"45":0,"46":0,"47":0,"48":0,"49":0,"50":0,"51":0,"52":0},"f":{"0":0,"1":0,"2":0,"3":0,"4":0,"5":0,"6":0,"7":0,"8":0,"9":0},"b":{"0":[0,0],"1":[0],"2":[0,0],"3":[0,0],"4":[0,0],"5":[0,0],"6":[0,0],"7":[0,0],"8":[0,0],"9":[0,0],"10":[0,0],"11":[0,0],"12":[0,0],"13":[0,0],"14":[0,0],"15":[0,0],"16":[0,0],"17":[0,0],"18":[0,0],"19":[0,0],"20":[0,0],"21":[0,0],"22":[0,0],"23":[0,0]}}
,"/Users/mercelvubangsi/Documents/GitHub/Alarmcodeb/textsecurity-control-app/frontend/src/pages/DashboardPage.js": {"path":"/Users/mercelvubangsi/Documents/GitHub/Alarmcodeb/textsecurity-control-app/frontend/src/pages/DashboardPage.js","statementMap":{"0":{"start":{"line":6,"column":22},"end":{"line":233,"column":1}},"1":{"start":{"line":7,"column":28},"end":{"line":7,"column":40}},"2":{"start":{"line":8,"column":40},"end":{"line":8,"column":78}},"3":{"start":{"line":9,"column":36},"end":{"line":9,"column":48}},"4":{"start":{"line":10,"column":32},"end":{"line":10,"column":46}},"5":{"start":{"line":11,"column":28},"end":{"line":11,"column":40}},"6":{"start":{"line":12,"column":40},"end":{"line":12,"column":52}},"7":{"start":{"line":13,"column":38},"end":{"line":13,"column":50}},"8":{"start":{"line":14,"column":38},"end":{"line":14,"column":53}},"9":{"start":{"line":15,"column":19},"end":{"line":15,"column":32}},"10":{"start":{"line":17,"column":2},"end":{"line":19,"column":9}},"11":{"start":{"line":18,"column":4},"end":{"line":18,"column":24}},"12":{"start":{"line":21,"column":28},"end":{"line":42,"column":3}},"13":{"start":{"line":22,"column":4},"end":{"line":22,"column":21}},"14":{"start":{"line":23,"column":4},"end":{"line":41,"column":5}},"15":{"start":{"line":25,"column":28},"end":{"line":25,"column":56}},"16":{"start":{"line":26,"column":6},"end":{"line":26,"column":42}},"17":{"start":{"line":29,"column":34},"end":{"line":29,"column":67}},"18":{"start":{"line":30,"column":6},"end":{"line":30,"column":86}},"19":{"start":{"line":33,"column":32},"end":{"line":33,"column":65}},"20":{"start":{"line":34,"column":6},"end":{"line":34,"column":54}},"21":{"start":{"line":37,"column":6},"end":{"line":37,"column":58}},"22":{"start":{"line":38,"column":6},"end":{"line":38,"column":79}},"23":{"start":{"line":40,"column":6},"end":{"line":40,"column":24}},"24":{"start":{"line":44,"column":24},"end":{"line":61,"column":3}},"25":{"start":{"line":45,"column":4},"end":{"line":45,"column":23}},"26":{"start":{"line":46,"column":4},"end":{"line":46,"column":58}},"27":{"start":{"line":46,"column":51},"end":{"line":46,"column":58}},"28":{"start":{"line":48,"column":4},"end":{"line":48,"column":24}},"29":{"start":{"line":49,"column":4},"end":{"line":49,"column":17}},"30":{"start":{"line":51,"column":4},"end":{"line":60,"column":5}},"31":{"start":{"line":52,"column":6},"end":{"line":52,"column":56}},"32":{"start":{"line":53,"column":6},"end":{"line":53,"column":25}},"33":{"start":{"line":54,"column":6},"end":{"line":54,"column":24}},"34":{"start":{"line":55,"column":6},"end":{"line":55,"column":32}},"35":{"start":{"line":57,"column":6},"end":{"line":57,"column":68}},"36":{"start":{"line":59,"column":6},"end":{"line":59,"column":27}},"37":{"start":{"line":63,"column":23},"end":{"line":66,"column":3}},"38":{"start":{"line":64,"column":4},"end":{"line":64,"column":20}},"39":{"start":{"line":65,"column":4},"end":{"line":65,"column":42}},"40":{"start":{"line":68,"column":25},"end":{"line":75,"column":3}},"41":{"start":{"line":69,"column":4},"end":{"line":74,"column":5}},"42":{"start":{"line":70,"column":6},"end":{"line":70,"column":40}},"43":{"start":{"line":71,"column":6},"end":{"line":71,"column":23}},"44":{"start":{"line":73,"column":6},"end":{"line":73,"column":76}},"45":{"start":{"line":77,"column":2},"end":{"line":83,"column":3}},"46":{"start":{"line":78,"column":4},"end":{"line":82,"column":6}},"47":{"start":{"line":85,"column":2},"end":{"line":232,"column":4}},"48":{"start":{"line":142,"column":33},"end":{"line":142,"column":63}},"49":{"start":{"line":153,"column":33},"end":{"line":153,"column":62}},"50":{"start":{"line":183,"column":16},"end":{"line":188,"column":21}},"51":{"start":{"line":220,"column":16},"end":{"line":225,"column":21}}},"fnMap":{"0":{"name":"(anonymous_0)","decl":{"start":{"line":6,"column":22},"end":{"line":6,"column":23}},"loc":{"start":{"line":6,"column":28},"end":{"line":233,"column":1}},"line":6},"1":{"name":"(anonymous_1)","decl":{"start":{"line":17,"column":12},"end":{"line":17,"column":13}},"loc":{"start":{"line":17,"column":18},"end":{"line":19,"column":3}},"line":17},"2":{"name":"(anonymous_2)","decl":{"start":{"line":21,"column":28},"end":{"line":21,"column":29}},"loc":{"start":{"line":21,"column":40},"end":{"line":42,"column":3}},"line":21},"3":{"name":"(anonymous_3)","decl":{"start":{"line":44,"column":24},"end":{"line":44,"column":25}},"loc":{"start":{"line":44,"column":37},"end":{"line":61,"column":3}},"line":44},"4":{"name":"(anonymous_4)","decl":{"start":{"line":63,"column":23},"end":{"line":63,"column":24}},"loc":{"start":{"line":63,"column":29},"end":{"line":66,"column":3}},"line":63},"5":{"name":"(anonymous_5)","decl":{"start":{"line":68,"column":25},"end":{"line":68,"column":26}},"loc":{"start":{"line":68,"column":37},"end":{"line":75,"column":3}},"line":68},"6":{"name":"(anonymous_6)","decl":{"start":{"line":142,"column":26},"end":{"line":142,"column":27}},"loc":{"start":{"line":142,"column":33},"end":{"line":142,"column":63}},"line":142},"7":{"name":"(anonymous_7)","decl":{"start":{"line":153,"column":26},"end":{"line":153,"column":27}},"loc":{"start":{"line":153,"column":33},"end":{"line":153,"column":62}},"line":153},"8":{"name":"(anonymous_8)","decl":{"start":{"line":182,"column":25},"end":{"line":182,"column":26}},"loc":{"start":{"line":183,"column":16},"end":{"line":188,"column":21}},"line":183},"9":{"name":"(anonymous_9)","decl":{"start":{"line":219,"column":42},"end":{"line":219,"column":43}},"loc":{"start":{"line":220,"column":16},"end":{"line":225,"column":21}},"line":220}},"branchMap":{"0":{"loc":{"start":{"line":26,"column":15},"end":{"line":26,"column":40}},"type":"binary-expr","locations":[{"start":{"line":26,"column":15},"end":{"line":26,"column":34}},{"start":{"line":26,"column":38},"end":{"line":26,"column":40}}],"line":26},"1":{"loc":{"start":{"line":30,"column":21},"end":{"line":30,"column":84}},"type":"binary-expr","locations":[{"start":{"line":30,"column":21},"end":{"line":30,"column":52}},{"start":{"line":30,"column":56},"end":{"line":30,"column":84}}],"line":30},"2":{"loc":{"start":{"line":34,"column":19},"end":{"line":34,"column":52}},"type":"binary-expr","locations":[{"start":{"line":34,"column":19},"end":{"line":34,"column":46}},{"start":{"line":34,"column":50},"end":{"line":34,"column":52}}],"line":34},"3":{"loc":{"start":{"line":38,"column":15},"end":{"line":38,"column":77}},"type":"binary-expr","locations":[{"start":{"line":38,"column":15},"end":{"line":38,"column":42}},{"start":{"line":38,"column":46},"end":{"line":38,"column":77}}],"line":38},"4":{"loc":{"start":{"line":46,"column":4},"end":{"line":46,"column":58}},"type":"if","locations":[{"start":{"line":46,"column":4},"end":{"line":46,"column":58}},{"start":{},"end":{}}],"line":46},"5":{"loc":{"start":{"line":46,"column":8},"end":{"line":46,"column":49}},"type":"binary-expr","locations":[{"start":{"line":46,"column":8},"end":{"line":46,"column":27}},{"start":{"line":46,"column":31},"end":{"line":46,"column":49}}],"line":46},"6":{"loc":{"start":{"line":57,"column":15},"end":{"line":57,"column":66}},"type":"binary-expr","locations":[{"start":{"line":57,"column":15},"end":{"line":57,"column":42}},{"start":{"line":57,"column":46},"end":{"line":57,"column":66}}],"line":57},"7":{"loc":{"start":{"line":73,"column":15},"end":{"line":73,"column":74}},"type":"binary-expr","locations":[{"start":{"line":73,"column":15},"end":{"line":73,"column":42}},{"start":{"line":73,"column":46},"end":{"line":73,"column":74}}],"line":73},"8":{"loc":{"start":{"line":77,"column":2},"end":{"line":83,"column":3}},"type":"if","locations":[{"start":{"line":77,"column":2},"end":{"line":83,"column":3}},{"start":{},"end":{}}],"line":77},"9":{"loc":{"start":{"line":104,"column":7},"end":{"line":104,"column":52}},"type":"binary-expr","locations":[{"start":{"line":104,"column":7},"end":{"line":104,"column":12}},{"start":{"line":104,"column":16},"end":{"line":104,"column":52}}],"line":104},"10":{"loc":{"start":{"line":110,"column":42},"end":{"line":110,"column":96}},"type":"cond-expr","locations":[{"start":{"line":110,"column":62},"end":{"line":110,"column":76}},{"start":{"line":110,"column":79},"end":{"line":110,"column":96}}],"line":110},"11":{"loc":{"start":{"line":111,"column":13},"end":{"line":111,"column":53}},"type":"cond-expr","locations":[{"start":{"line":111,"column":33},"end":{"line":111,"column":40}},{"start":{"line":111,"column":43},"end":{"line":111,"column":53}}],"line":111},"12":{"loc":{"start":{"line":113,"column":11},"end":{"line":117,"column":11}},"type":"binary-expr","locations":[{"start":{"line":113,"column":11},"end":{"line":113,"column":28}},{"start":{"line":113,"column":32},"end":{"line":113,"column":48}},{"start":{"line":114,"column":12},"end":{"line":116,"column":18}}],"line":113},"13":{"loc":{"start":{"line":122,"column":41},"end":{"line":122,"column":59}},"type":"binary-expr","locations":[{"start":{"line":122,"column":41},"end":{"line":122,"column":54}},{"start":{"line":122,"column":58},"end":{"line":122,"column":59}}],"line":122},"14":{"loc":{"start":{"line":127,"column":41},"end":{"line":127,"column":63}},"type":"binary-expr","locations":[{"start":{"line":127,"column":41},"end":{"line":127,"column":58}},{"start":{"line":127,"column":62},"end":{"line":127,"column":63}}],"line":127},"15":{"loc":{"start":{"line":160,"column":15},"end":{"line":160,"column":52}},"type":"cond-expr","locations":[{"start":{"line":160,"column":28},"end":{"line":160,"column":39}},{"start":{"line":160,"column":42},"end":{"line":160,"column":52}}],"line":160},"16":{"loc":{"start":{"line":169,"column":9},"end":{"line":192,"column":9}},"type":"cond-expr","locations":[{"start":{"line":170,"column":10},"end":{"line":170,"column":32}},{"start":{"line":172,"column":10},"end":{"line":191,"column":18}}],"line":169},"17":{"loc":{"start":{"line":169,"column":9},"end":{"line":169,"column":37}},"type":"binary-expr","locations":[{"start":{"line":169,"column":9},"end":{"line":169,"column":15}},{"start":{"line":169,"column":19},"end":{"line":169,"column":37}}],"line":169},"18":{"loc":{"start":{"line":187,"column":23},"end":{"line":187,"column":93}},"type":"cond-expr","locations":[{"start":{"line":187,"column":40},"end":{"line":187,"column":85}},{"start":{"line":187,"column":88},"end":{"line":187,"column":93}}],"line":187},"19":{"loc":{"start":{"line":199,"column":11},"end":{"line":203,"column":11}},"type":"binary-expr","locations":[{"start":{"line":199,"column":11},"end":{"line":199,"column":20}},{"start":{"line":199,"column":24},"end":{"line":199,"column":44}},{"start":{"line":200,"column":12},"end":{"line":202,"column":21}}],"line":199},"20":{"loc":{"start":{"line":206,"column":9},"end":{"line":229,"column":9}},"type":"cond-expr","locations":[{"start":{"line":207,"column":10},"end":{"line":207,"column":41}},{"start":{"line":209,"column":10},"end":{"line":228,"column":18}}],"line":206},"21":{"loc":{"start":{"line":206,"column":9},"end":{"line":206,"column":45}},"type":"binary-expr","locations":[{"start":{"line":206,"column":9},"end":{"line":206,"column":19}},{"start":{"line":206,"column":23},"end":{"line":206,"column":45}}],"line":206},"22":{"loc":{"start":{"line":220,"column":25},"end":{"line":220,"column":40}},"type":"binary-expr","locations":[{"start":{"line":220,"column":25},"end":{"line":220,"column":31}},{"start":{"line":220,"column":35},"end":{"line":220,"column":40}}],"line":220},"23":{"loc":{"start":{"line":224,"column":23},"end":{"line":224,"column":45}},"type":"binary-expr","locations":[{"start":{"line":224,"column":23},"end":{"line":224,"column":33}},{"start":{"line":224,"column":37},"end":{"line":224,"column":45}}],"line":224}},"s":{"0":0,"1":0,"2":0,"3":0,"4":0,"5":0,"6":0,"7":0,"8":0,"9":0,"10":0,"11":0,"12":0,"13":0,"14":0,"15":0,"16":0,"17":0,"18":0,"19":0,"20":0,"21":0,"22":0,"23":0,"24":0,"25":0,"26":0,"27":0,"28":0,"29":0,"30":0,"31":0,"32":0,"33":0,"34":0,"35":0,"36":0,"37":0,"38":0,"39":0,"40":0,"41":0,"42":0,"43":0,"44":0,"45":0,"46":0,"47":0,"48":0,"49":0,"50":0,"51":0},"f":{"0":0,"1":0,"2":0,"3":0,"4":0,"5":0,"6":0,"7":0,"8":0,"9":0},"b":{"0":[0,0],"1":[0,0],"2":[0,0],"3":[0,0],"4":[0,0],"5":[0,0],"6":[0,0],"7":[0,0],"8":[0,0],"9":[0,0],"10":[0,0],"11":[0,0],"12":[0,0,0],"13":[0,0],"14":[0,0],"15":[0,0],"16":[0,0],"17":[0,0],"18":[0,0],"19":[0,0,0],"20":[0,0],"21":[0,0],"22":[0,0],"23":[0,0]}}
,"/Users/mercelvubangsi/Documents/GitHub/Alarmcodeb/textsecurity-control-app/frontend/src/pages/LoginPage.js": {"path":"/Users/mercelvubangsi/Documents/GitHub/Alarmcodeb/textsecurity-control-app/frontend/src/pages/LoginPage.js","statementMap":{"0":{"start":{"line":6,"column":18},"end":{"line":100,"column":1}},"1":{"start":{"line":7,"column":24},"end":{"line":7,"column":36}},"2":{"start":{"line":8,"column":28},"end":{"line":8,"column":40}},"3":{"start":{"line":9,"column":32},"end":{"line":9,"column":47}},"4":{"start":{"line":10,"column":19},"end":{"line":10,"column":32}},"5":{"start":{"line":12,"column":23},"end":{"line":35,"column":3}},"6":{"start":{"line":13,"column":4},"end":{"line":13,"column":23}},"7":{"start":{"line":14,"column":4},"end":{"line":14,"column":17}},"8":{"start":{"line":15,"column":4},"end":{"line":15,"column":21}},"9":{"start":{"line":17,"column":4},"end":{"line":34,"column":5}},"10":{"start":{"line":18,"column":23},"end":{"line":18,"column":50}},"11":{"start":{"line":19,"column":24},"end":{"line":19,"column":32}},"12":{"start":{"line":22,"column":22},"end":{"line":22,"column":59}},"13":{"start":{"line":23,"column":23},"end":{"line":23,"column":40}},"14":{"start":{"line":26,"column":6},"end":{"line":26,"column":35}},"15":{"start":{"line":29,"column":6},"end":{"line":29,"column":46}},"16":{"start":{"line":31,"column":6},"end":{"line":31,"column":62}},"17":{"start":{"line":33,"column":6},"end":{"line":33,"column":24}},"18":{"start":{"line":37,"column":2},"end":{"line":99,"column":4}},"19":{"start":{"line":57,"column":31},"end":{"line":57,"column":53}}},"fnMap":{"0":{"name":"(anonymous_0)","decl":{"start":{"line":6,"column":18},"end":{"line":6,"column":19}},"loc":{"start":{"line":6,"column":24},"end":{"line":100,"column":1}},"line":6},"1":{"name":"(anonymous_1)","decl":{"start":{"line":12,"column":23},"end":{"line":12,"column":24}},"loc":{"start":{"line":12,"column":36},"end":{"line":35,"column":3}},"line":12},"2":{"name":"(anonymous_2)","decl":{"start":{"line":57,"column":24},"end":{"line":57,"column":25}},"loc":{"start":{"line":57,"column":31},"end":{"line":57,"column":53}},"line":57}},"branchMap":{"0":{"loc":{"start":{"line":31,"column":15},"end":{"line":31,"column":60}},"type":"binary-expr","locations":[{"start":{"line":31,"column":15},"end":{"line":31,"column":42}},{"start":{"line":31,"column":46},"end":{"line":31,"column":60}}],"line":31},"1":{"loc":{"start":{"line":48,"column":9},"end":{"line":48,"column":56}},"type":"binary-expr","locations":[{"start":{"line":48,"column":9},"end":{"line":48,"column":14}},{"start":{"line":48,"column":18},"end":{"line":48,"column":56}}],"line":48},"2":{"loc":{"start":{"line":76,"column":13},"end":{"line":76,"column":66}},"type":"cond-expr","locations":[{"start":{"line":76,"column":23},"end":{"line":76,"column":45}},{"start":{"line":76,"column":48},"end":{"line":76,"column":66}}],"line":76}},"s":{"0":0,"1":0,"2":0,"3":0,"4":0,"5":0,"6":0,"7":0,"8":0,"9":0,"10":0,"11":0,"12":0,"13":0,"14":0,"15":0,"16":0,"17":0,"18":0,"19":0},"f":{"0":0,"1":0,"2":0},"b":{"0":[0,0],"1":[0,0],"2":[0,0]}}
,"/Users/mercelvubangsi/Documents/GitHub/Alarmcodeb/textsecurity-control-app/frontend/src/services/apiService.js": {"path":"/Users/mercelvubangsi/Documents/GitHub/Alarmcodeb/textsecurity-control-app/frontend/src/services/apiService.js","statementMap":{"0":{"start":{"line":3,"column":21},"end":{"line":3,"column":81}},"1":{"start":{"line":6,"column":12},"end":{"line":11,"column":2}},"2":{"start":{"line":14,"column":0},"end":{"line":20,"column":3}},"3":{"start":{"line":15,"column":16},"end":{"line":15,"column":45}},"4":{"start":{"line":16,"column":2},"end":{"line":18,"column":3}},"5":{"start":{"line":17,"column":4},"end":{"line":17,"column":53}},"6":{"start":{"line":19,"column":2},"end":{"line":19,"column":16}},"7":{"start":{"line":23,"column":0},"end":{"line":33,"column":2}},"8":{"start":{"line":24,"column":16},"end":{"line":24,"column":24}},"9":{"start":{"line":26,"column":4},"end":{"line":30,"column":5}},"10":{"start":{"line":27,"column":6},"end":{"line":27,"column":39}},"11":{"start":{"line":28,"column":6},"end":{"line":28,"column":42}},"12":{"start":{"line":29,"column":6},"end":{"line":29,"column":38}},"13":{"start":{"line":31,"column":4},"end":{"line":31,"column":33}},"14":{"start":{"line":35,"column":26},"end":{"line":80,"column":1}},"15":{"start":{"line":38,"column":21},"end":{"line":38,"column":54}},"16":{"start":{"line":39,"column":4},"end":{"line":39,"column":25}},"17":{"start":{"line":44,"column":21},"end":{"line":44,"column":60}},"18":{"start":{"line":45,"column":4},"end":{"line":45,"column":25}},"19":{"start":{"line":50,"column":21},"end":{"line":50,"column":60}},"20":{"start":{"line":51,"column":4},"end":{"line":51,"column":25}},"21":{"start":{"line":55,"column":21},"end":{"line":55,"column":44}},"22":{"start":{"line":56,"column":4},"end":{"line":56,"column":25}},"23":{"start":{"line":61,"column":21},"end":{"line":61,"column":51}},"24":{"start":{"line":62,"column":4},"end":{"line":62,"column":25}},"25":{"start":{"line":66,"column":21},"end":{"line":66,"column":67}},"26":{"start":{"line":67,"column":4},"end":{"line":67,"column":25}},"27":{"start":{"line":71,"column":21},"end":{"line":71,"column":55}},"28":{"start":{"line":72,"column":4},"end":{"line":72,"column":25}},"29":{"start":{"line":77,"column":21},"end":{"line":77,"column":46}},"30":{"start":{"line":78,"column":4},"end":{"line":78,"column":25}}},"fnMap":{"0":{"name":"(anonymous_0)","decl":{"start":{"line":14,"column":29},"end":{"line":14,"column":30}},"loc":{"start":{"line":14,"column":41},"end":{"line":20,"column":1}},"line":14},"1":{"name":"(anonymous_1)","decl":{"start":{"line":24,"column":2},"end":{"line":24,"column":3}},"loc":{"start":{"line":24,"column":16},"end":{"line":24,"column":24}},"line":24},"2":{"name":"(anonymous_2)","decl":{"start":{"line":25,"column":2},"end":{"line":25,"column":3}},"loc":{"start":{"line":25,"column":13},"end":{"line":32,"column":3}},"line":25},"3":{"name":"(anonymous_3)","decl":{"start":{"line":37,"column":9},"end":{"line":37,"column":10}},"loc":{"start":{"line":37,"column":24},"end":{"line":40,"column":3}},"line":37},"4":{"name":"(anonymous_4)","decl":{"start":{"line":43,"column":15},"end":{"line":43,"column":16}},"loc":{"start":{"line":43,"column":34},"end":{"line":46,"column":3}},"line":43},"5":{"name":"(anonymous_5)","decl":{"start":{"line":49,"column":11},"end":{"line":49,"column":12}},"loc":{"start":{"line":49,"column":32},"end":{"line":52,"column":3}},"line":49},"6":{"name":"(anonymous_6)","decl":{"start":{"line":54,"column":13},"end":{"line":54,"column":14}},"loc":{"start":{"line":54,"column":25},"end":{"line":57,"column":3}},"line":54},"7":{"name":"(anonymous_7)","decl":{"start":{"line":60,"column":18},"end":{"line":60,"column":19}},"loc":{"start":{"line":60,"column":30},"end":{"line":63,"column":3}},"line":60},"8":{"name":"(anonymous_8)","decl":{"start":{"line":65,"column":16},"end":{"line":65,"column":17}},"loc":{"start":{"line":65,"column":38},"end":{"line":68,"column":3}},"line":65},"9":{"name":"(anonymous_9)","decl":{"start":{"line":70,"column":18},"end":{"line":70,"column":19}},"loc":{"start":{"line":70,"column":30},"end":{"line":73,"column":3}},"line":70},"10":{"name":"(anonymous_10)","decl":{"start":{"line":76,"column":15},"end":{"line":76,"column":16}},"loc":{"start":{"line":76,"column":27},"end":{"line":79,"column":3}},"line":76}},"branchMap":{"0":{"loc":{"start":{"line":3,"column":21},"end":{"line":3,"column":81}},"type":"binary-expr","locations":[{"start":{"line":3,"column":21},"end":{"line":3,"column":50}},{"start":{"line":3,"column":54},"end":{"line":3,"column":81}}],"line":3},"1":{"loc":{"start":{"line":16,"column":2},"end":{"line":18,"column":3}},"type":"if","locations":[{"start":{"line":16,"column":2},"end":{"line":18,"column":3}},{"start":{},"end":{}}],"line":16},"2":{"loc":{"start":{"line":26,"column":4},"end":{"line":30,"column":5}},"type":"if","locations":[{"start":{"line":26,"column":4},"end":{"line":30,"column":5}},{"start":{},"end":{}}],"line":26},"3":{"loc":{"start":{"line":65,"column":23},"end":{"line":65,"column":33}},"type":"default-arg","locations":[{"start":{"line":65,"column":31},"end":{"line":65,"column":33}}],"line":65}},"s":{"0":0,"1":0,"2":0,"3":0,"4":0,"5":0,"6":0,"7":0,"8":0,"9":0,"10":0,"11":0,"12":0,"13":0,"14":0,"15":0,"16":0,"17":0,"18":0,"19":0,"20":0,"21":0,"22":0,"23":0,"24":0,"25":0,"26":0,"27":0,"28":0,"29":0,"30":0},"f":{"0":0,"1":0,"2":0,"3":0,"4":0,"5":0,"6":0,"7":0,"8":0,"9":0,"10":0},"b":{"0":[0,0],"1":[0,0],"2":[0,0],"3":[0]}}
,"/Users/mercelvubangsi/Documents/GitHub/Alarmcodeb/textsecurity-control-app/frontend/src/utils/auth.js": {"path":"/Users/mercelvubangsi/Documents/GitHub/Alarmcodeb/textsecurity-control-app/frontend/src/utils/auth.js","statementMap":{"0":{"start":{"line":3,"column":27},"end":{"line":9,"column":1}},"1":{"start":{"line":4,"column":2},"end":{"line":4,"column":39}},"2":{"start":{"line":5,"column":2},"end":{"line":5,"column":45}},"3":{"start":{"line":8,"column":2},"end":{"line":8,"column":48}},"4":{"start":{"line":11,"column":29},"end":{"line":17,"column":1}},"5":{"start":{"line":12,"column":2},"end":{"line":12,"column":35}},"6":{"start":{"line":13,"column":2},"end":{"line":13,"column":38}},"7":{"start":{"line":16,"column":2},"end":{"line":16,"column":48}},"8":{"start":{"line":19,"column":27},"end":{"line":24,"column":1}},"9":{"start":{"line":20,"column":2},"end":{"line":23,"column":4}},"10":{"start":{"line":26,"column":31},"end":{"line":28,"column":1}},"11":{"start":{"line":27,"column":2},"end":{"line":27,"column":41}}},"fnMap":{"0":{"name":"(anonymous_0)","decl":{"start":{"line":3,"column":27},"end":{"line":3,"column":28}},"loc":{"start":{"line":3,"column":48},"end":{"line":9,"column":1}},"line":3},"1":{"name":"(anonymous_1)","decl":{"start":{"line":11,"column":29},"end":{"line":11,"column":30}},"loc":{"start":{"line":11,"column":35},"end":{"line":17,"column":1}},"line":11},"2":{"name":"(anonymous_2)","decl":{"start":{"line":19,"column":27},"end":{"line":19,"column":28}},"loc":{"start":{"line":19,"column":33},"end":{"line":24,"column":1}},"line":19},"3":{"name":"(anonymous_3)","decl":{"start":{"line":26,"column":31},"end":{"line":26,"column":32}},"loc":{"start":{"line":26,"column":37},"end":{"line":28,"column":1}},"line":26}},"branchMap":{},"s":{"0":0,"1":0,"2":0,"3":0,"4":0,"5":0,"6":0,"7":0,"8":0,"9":0,"10":0,"11":0},"f":{"0":0,"1":0,"2":0,"3":0},"b":{}}
}
