TN:
SF:src/application/useCases/ArmZoneUseCase.js
FN:5,(anonymous_0)
FN:11,(anonymous_1)
FN:95,(anonymous_2)
FNF:3
FNH:3
FNDA:32,(anonymous_0)
FNDA:32,(anonymous_1)
FNDA:68,(anonymous_2)
DA:1,5
DA:2,5
DA:6,32
DA:7,32
DA:8,32
DA:12,32
DA:14,32
DA:15,3
DA:18,29
DA:19,7
DA:22,22
DA:23,2
DA:27,20
DA:28,20
DA:29,3
DA:32,17
DA:33,2
DA:37,15
DA:40,15
DA:41,15
DA:43,14
DA:46,14
DA:47,6
DA:48,6
DA:49,59
DA:50,59
DA:51,57
DA:52,57
DA:53,57
DA:54,56
DA:57,56
DA:64,56
DA:67,56
DA:68,56
DA:74,13
DA:75,13
DA:78,12
DA:85,12
DA:87,12
DA:91,12
DA:95,68
DA:98,20
DA:106,5
LF:43
LH:43
BRDA:11,0,0,22
BRDA:14,1,0,3
BRDA:14,1,1,29
BRDA:18,2,0,7
BRDA:18,2,1,22
BRDA:18,3,0,29
BRDA:18,3,1,27
BRDA:22,4,0,2
BRDA:22,4,1,20
BRDA:28,5,0,3
BRDA:28,5,1,17
BRDA:32,6,0,2
BRDA:32,6,1,15
BRDA:46,7,0,6
BRDA:46,7,1,8
BRDA:46,8,0,14
BRDA:46,8,1,8
BRDA:50,9,0,57
BRDA:50,9,1,2
BRDA:50,10,0,59
BRDA:50,10,1,58
BRDA:87,11,0,5
BRDA:87,11,1,7
BRDA:87,12,0,12
BRDA:87,12,1,7
BRF:25
BRH:25
end_of_record
TN:
SF:src/application/useCases/CreateZoneUseCase.js
FN:7,(anonymous_0)
FN:13,(anonymous_1)
FNF:2
FNH:2
FNDA:27,(anonymous_0)
FNDA:23,(anonymous_1)
DA:1,5
DA:2,5
DA:3,5
DA:4,5
DA:8,27
DA:9,27
DA:10,27
DA:14,23
DA:16,23
DA:17,3
DA:20,20
DA:21,2
DA:25,18
DA:26,18
DA:27,1
DA:31,17
DA:32,17
DA:33,4
DA:34,4
DA:35,1
DA:40,16
DA:41,16
DA:42,15
DA:45,15
DA:48,14
DA:49,3
DA:50,3
DA:54,13
DA:55,13
DA:58,12
DA:65,12
DA:67,12
DA:73,11
DA:81,5
LF:34
LH:34
BRDA:13,0,0,1
BRDA:13,1,0,0
BRDA:16,2,0,3
BRDA:16,2,1,20
BRDA:20,3,0,2
BRDA:20,3,1,18
BRDA:26,4,0,1
BRDA:26,4,1,17
BRDA:32,5,0,4
BRDA:32,5,1,13
BRDA:34,6,0,1
BRDA:34,6,1,3
BRDA:48,7,0,3
BRDA:48,7,1,11
BRF:14
BRH:13
end_of_record
TN:
SF:src/application/useCases/DeleteZoneUseCase.js
FN:5,(anonymous_0)
FN:11,(anonymous_1)
FN:96,(anonymous_2)
FN:123,(anonymous_3)
FN:160,(anonymous_4)
FN:207,(anonymous_5)
FN:221,(anonymous_6)
FN:230,(anonymous_7)
FNF:8
FNH:1
FNDA:4,(anonymous_0)
FNDA:0,(anonymous_1)
FNDA:0,(anonymous_2)
FNDA:0,(anonymous_3)
FNDA:0,(anonymous_4)
FNDA:0,(anonymous_5)
FNDA:0,(anonymous_6)
FNDA:0,(anonymous_7)
DA:1,4
DA:2,4
DA:6,4
DA:7,4
DA:8,4
DA:12,0
DA:14,0
DA:15,0
DA:18,0
DA:19,0
DA:22,0
DA:23,0
DA:27,0
DA:28,0
DA:29,0
DA:33,0
DA:35,0
DA:36,0
DA:38,0
DA:42,0
DA:43,0
DA:47,0
DA:48,0
DA:53,0
DA:56,0
DA:57,0
DA:58,0
DA:59,0
DA:60,0
DA:65,0
DA:68,0
DA:69,0
DA:72,0
DA:79,0
DA:81,0
DA:89,0
DA:97,0
DA:99,0
DA:101,0
DA:104,0
DA:105,0
DA:108,0
DA:109,0
DA:112,0
DA:119,0
DA:124,0
DA:126,0
DA:127,0
DA:130,0
DA:131,0
DA:132,0
DA:133,0
DA:136,0
DA:137,0
DA:138,0
DA:139,0
DA:140,0
DA:145,0
DA:146,0
DA:149,0
DA:156,0
DA:161,0
DA:163,0
DA:164,0
DA:167,0
DA:168,0
DA:171,0
DA:172,0
DA:175,0
DA:178,0
DA:179,0
DA:180,0
DA:181,0
DA:182,0
DA:184,0
DA:187,0
DA:191,0
DA:200,0
DA:208,0
DA:211,0
DA:212,0
DA:213,0
DA:214,0
DA:216,0
DA:220,0
DA:221,0
DA:223,0
DA:224,0
DA:227,0
DA:231,0
DA:232,0
DA:234,0
DA:235,0
DA:236,0
DA:237,0
DA:239,0
DA:240,0
DA:243,0
DA:247,4
LF:99
LH:6
BRDA:11,0,0,0
BRDA:14,1,0,0
BRDA:14,1,1,0
BRDA:18,2,0,0
BRDA:18,2,1,0
BRDA:22,3,0,0
BRDA:22,3,1,0
BRDA:28,4,0,0
BRDA:28,4,1,0
BRDA:35,5,0,0
BRDA:35,5,1,0
BRDA:36,6,0,0
BRDA:36,6,1,0
BRDA:36,6,2,0
BRDA:56,7,0,0
BRDA:56,7,1,0
BRDA:58,8,0,0
BRDA:58,8,1,0
BRDA:136,9,0,0
BRDA:136,9,1,0
BRDA:138,10,0,0
BRDA:138,10,1,0
BRDA:160,11,0,0
BRDA:163,12,0,0
BRDA:163,12,1,0
BRDA:163,13,0,0
BRDA:163,13,1,0
BRDA:163,13,2,0
BRDA:167,14,0,0
BRDA:167,14,1,0
BRDA:181,15,0,0
BRDA:181,15,1,0
BRDA:213,16,0,0
BRDA:213,16,1,0
BRDA:236,17,0,0
BRDA:236,17,1,0
BRDA:236,18,0,0
BRDA:236,18,1,0
BRF:38
BRH:0
end_of_record
TN:
SF:src/application/useCases/DisarmZoneUseCase.js
FN:5,(anonymous_0)
FN:11,(anonymous_1)
FN:91,(anonymous_2)
FNF:3
FNH:3
FNDA:31,(anonymous_0)
FNDA:27,(anonymous_1)
FNDA:73,(anonymous_2)
DA:1,5
DA:2,5
DA:6,31
DA:7,31
DA:8,31
DA:12,27
DA:14,27
DA:15,3
DA:18,24
DA:19,2
DA:23,22
DA:24,22
DA:25,3
DA:28,19
DA:29,1
DA:33,18
DA:36,18
DA:37,18
DA:39,17
DA:42,17
DA:43,8
DA:44,8
DA:45,63
DA:46,63
DA:47,59
DA:48,59
DA:49,59
DA:50,58
DA:53,58
DA:60,58
DA:63,58
DA:64,58
DA:70,16
DA:71,16
DA:74,15
DA:81,15
DA:83,15
DA:87,15
DA:91,73
DA:94,12
DA:102,5
LF:41
LH:41
BRDA:11,0,0,16
BRDA:14,1,0,3
BRDA:14,1,1,24
BRDA:18,2,0,2
BRDA:18,2,1,22
BRDA:24,3,0,3
BRDA:24,3,1,19
BRDA:28,4,0,1
BRDA:28,4,1,18
BRDA:42,5,0,8
BRDA:42,5,1,9
BRDA:42,6,0,17
BRDA:42,6,1,10
BRDA:46,7,0,59
BRDA:46,7,1,4
BRDA:46,8,0,63
BRDA:46,8,1,62
BRDA:83,9,0,7
BRDA:83,9,1,8
BRDA:83,10,0,15
BRDA:83,10,1,9
BRF:21
BRH:21
end_of_record
TN:
SF:src/application/useCases/GetZoneUseCase.js
FN:2,(anonymous_0)
FN:6,(anonymous_1)
FN:27,(anonymous_2)
FN:53,(anonymous_3)
FN:78,(anonymous_4)
FN:118,(anonymous_5)
FN:139,(anonymous_6)
FN:152,(anonymous_7)
FN:162,(anonymous_8)
FNF:9
FNH:2
FNDA:35,(anonymous_0)
FNDA:31,(anonymous_1)
FNDA:0,(anonymous_2)
FNDA:0,(anonymous_3)
FNDA:0,(anonymous_4)
FNDA:0,(anonymous_5)
FNDA:0,(anonymous_6)
FNDA:0,(anonymous_7)
FNDA:0,(anonymous_8)
DA:3,35
DA:7,31
DA:9,31
DA:10,1
DA:14,30
DA:15,29
DA:16,17
DA:19,12
DA:25,11
DA:26,0
DA:27,0
DA:28,0
DA:32,11
DA:33,1
DA:34,1
DA:35,1
DA:44,11
DA:46,20
DA:54,0
DA:56,0
DA:57,0
DA:61,0
DA:62,0
DA:63,0
DA:66,0
DA:71,0
DA:79,0
DA:81,0
DA:82,0
DA:86,0
DA:87,0
DA:88,0
DA:91,0
DA:97,0
DA:100,0
DA:103,0
DA:109,0
DA:111,0
DA:119,0
DA:120,0
DA:122,0
DA:123,0
DA:124,0
DA:126,0
DA:133,0
DA:136,0
DA:140,0
DA:141,0
DA:143,0
DA:144,0
DA:145,0
DA:146,0
DA:149,0
DA:153,0
DA:154,0
DA:155,0
DA:156,0
DA:159,0
DA:163,0
DA:164,0
DA:165,0
DA:166,0
DA:168,0
DA:169,0
DA:172,0
DA:176,5
LF:66
LH:16
BRDA:6,0,0,31
BRDA:6,1,0,31
BRDA:9,2,0,1
BRDA:9,2,1,30
BRDA:15,3,0,17
BRDA:15,3,1,12
BRDA:25,4,0,0
BRDA:25,4,1,11
BRDA:32,5,0,1
BRDA:32,5,1,10
BRDA:34,6,0,1
BRDA:34,6,1,0
BRDA:53,7,0,0
BRDA:56,8,0,0
BRDA:56,8,1,0
BRDA:62,9,0,0
BRDA:62,9,1,0
BRDA:78,10,0,0
BRDA:81,11,0,0
BRDA:81,11,1,0
BRDA:87,12,0,0
BRDA:87,12,1,0
BRDA:124,13,0,0
BRDA:124,13,1,0
BRDA:155,14,0,0
BRDA:155,14,1,0
BRDA:165,15,0,0
BRDA:165,15,1,0
BRDA:168,16,0,0
BRDA:168,16,1,0
BRF:30
BRH:10
end_of_record
TN:
SF:src/application/useCases/ListZonesUseCase.js
FN:2,(anonymous_0)
FN:6,(anonymous_1)
FN:14,(anonymous_2)
FN:26,(anonymous_3)
FN:36,(anonymous_4)
FN:38,(anonymous_5)
FN:42,(anonymous_6)
FN:49,(anonymous_7)
FN:69,(anonymous_8)
FN:70,(anonymous_9)
FN:71,(anonymous_10)
FN:78,(anonymous_11)
FN:98,(anonymous_12)
FN:110,(anonymous_13)
FN:114,(anonymous_14)
FN:118,(anonymous_15)
FNF:16
FNH:10
FNDA:22,(anonymous_0)
FNDA:20,(anonymous_1)
FNDA:0,(anonymous_2)
FNDA:1018,(anonymous_3)
FNDA:17,(anonymous_4)
FNDA:1019,(anonymous_5)
FNDA:1019,(anonymous_6)
FNDA:1019,(anonymous_7)
FNDA:13,(anonymous_8)
FNDA:2230,(anonymous_9)
FNDA:1019,(anonymous_10)
FNDA:0,(anonymous_11)
FNDA:0,(anonymous_12)
FNDA:0,(anonymous_13)
FNDA:0,(anonymous_14)
FNDA:0,(anonymous_15)
DA:3,22
DA:7,20
DA:9,20
DA:11,19
DA:12,2
DA:14,0
DA:20,17
DA:22,12
DA:26,1018
DA:29,7
DA:38,1019
DA:41,12
DA:42,12
DA:43,1019
DA:44,1019
DA:48,12
DA:49,12
DA:50,1019
DA:51,1018
DA:53,1
DA:54,1
DA:55,1
DA:58,0
DA:64,12
DA:66,12
DA:70,2230
DA:71,13
DA:72,1019
DA:73,1
DA:79,0
DA:82,0
DA:84,0
DA:87,0
DA:88,0
DA:89,0
DA:93,0
DA:96,0
DA:98,0
DA:103,0
DA:111,0
DA:113,0
DA:114,0
DA:116,0
DA:118,0
DA:123,0
DA:131,5
LF:46
LH:28
BRDA:6,0,0,13
BRDA:6,1,0,19
BRDA:11,2,0,2
BRDA:11,2,1,17
BRDA:50,3,0,1018
BRDA:50,3,1,1
BRDA:54,4,0,1
BRDA:54,4,1,0
BRDA:72,5,0,1
BRDA:72,5,1,1018
BRDA:72,6,0,1019
BRDA:72,6,1,1019
BRDA:78,7,0,0
BRDA:82,8,0,0
BRDA:82,8,1,0
BRDA:82,9,0,0
BRDA:82,9,1,0
BRDA:88,10,0,0
BRDA:88,10,1,0
BRDA:110,11,0,0
BRF:20
BRH:11
end_of_record
TN:
SF:src/application/useCases/ManageZoneHierarchyUseCase.js
FN:5,(anonymous_0)
FN:11,(anonymous_1)
FN:113,(anonymous_2)
FN:206,(anonymous_3)
FN:258,(anonymous_4)
FN:308,(anonymous_5)
FN:381,(anonymous_6)
FN:386,(anonymous_7)
FN:405,(anonymous_8)
FN:420,(anonymous_9)
FN:433,(anonymous_10)
FN:446,(anonymous_11)
FNF:12
FNH:1
FNDA:4,(anonymous_0)
FNDA:0,(anonymous_1)
FNDA:0,(anonymous_2)
FNDA:0,(anonymous_3)
FNDA:0,(anonymous_4)
FNDA:0,(anonymous_5)
FNDA:0,(anonymous_6)
FNDA:0,(anonymous_7)
FNDA:0,(anonymous_8)
FNDA:0,(anonymous_9)
FNDA:0,(anonymous_10)
FNDA:0,(anonymous_11)
DA:1,4
DA:2,4
DA:6,4
DA:7,4
DA:8,4
DA:12,0
DA:14,0
DA:15,0
DA:18,0
DA:19,0
DA:22,0
DA:23,0
DA:26,0
DA:27,0
DA:31,0
DA:32,0
DA:33,0
DA:36,0
DA:37,0
DA:38,0
DA:42,0
DA:43,0
DA:47,0
DA:48,0
DA:52,0
DA:53,0
DA:56,0
DA:57,0
DA:58,0
DA:60,0
DA:61,0
DA:62,0
DA:65,0
DA:66,0
DA:69,0
DA:72,0
DA:76,0
DA:77,0
DA:80,0
DA:88,0
DA:96,0
DA:97,0
DA:99,0
DA:106,0
DA:114,0
DA:116,0
DA:117,0
DA:120,0
DA:121,0
DA:124,0
DA:125,0
DA:129,0
DA:130,0
DA:131,0
DA:134,0
DA:135,0
DA:136,0
DA:140,0
DA:141,0
DA:145,0
DA:146,0
DA:149,0
DA:150,0
DA:151,0
DA:153,0
DA:154,0
DA:155,0
DA:158,0
DA:159,0
DA:162,0
DA:165,0
DA:169,0
DA:170,0
DA:173,0
DA:181,0
DA:189,0
DA:190,0
DA:192,0
DA:199,0
DA:207,0
DA:209,0
DA:210,0
DA:213,0
DA:214,0
DA:218,0
DA:219,0
DA:220,0
DA:223,0
DA:226,0
DA:227,0
DA:235,0
DA:236,0
DA:240,0
DA:241,0
DA:244,0
DA:251,0
DA:259,0
DA:261,0
DA:262,0
DA:266,0
DA:267,0
DA:268,0
DA:271,0
DA:278,0
DA:279,0
DA:283,0
DA:284,0
DA:288,0
DA:296,0
DA:301,0
DA:309,0
DA:310,0
DA:311,0
DA:313,0
DA:315,0
DA:316,0
DA:317,0
DA:318,0
DA:324,0
DA:325,0
DA:336,0
DA:337,0
DA:338,0
DA:339,0
DA:345,0
DA:346,0
DA:357,0
DA:358,0
DA:366,0
DA:374,0
DA:382,0
DA:383,0
DA:387,0
DA:388,0
DA:390,0
DA:391,0
DA:392,0
DA:394,0
DA:396,0
DA:397,0
DA:399,0
DA:402,0
DA:406,0
DA:407,0
DA:409,0
DA:410,0
DA:411,0
DA:413,0
DA:414,0
DA:417,0
DA:421,0
DA:422,0
DA:424,0
DA:425,0
DA:426,0
DA:427,0
DA:430,0
DA:434,0
DA:435,0
DA:437,0
DA:438,0
DA:439,0
DA:440,0
DA:443,0
DA:447,0
DA:448,0
DA:449,0
DA:450,0
DA:453,0
DA:457,4
LF:170
LH:6
BRDA:14,0,0,0
BRDA:14,0,1,0
BRDA:18,1,0,0
BRDA:18,1,1,0
BRDA:22,2,0,0
BRDA:22,2,1,0
BRDA:26,3,0,0
BRDA:26,3,1,0
BRDA:32,4,0,0
BRDA:32,4,1,0
BRDA:37,5,0,0
BRDA:37,5,1,0
BRDA:42,6,0,0
BRDA:42,6,1,0
BRDA:47,7,0,0
BRDA:47,7,1,0
BRDA:116,8,0,0
BRDA:116,8,1,0
BRDA:120,9,0,0
BRDA:120,9,1,0
BRDA:124,10,0,0
BRDA:124,10,1,0
BRDA:130,11,0,0
BRDA:130,11,1,0
BRDA:135,12,0,0
BRDA:135,12,1,0
BRDA:140,13,0,0
BRDA:140,13,1,0
BRDA:209,14,0,0
BRDA:209,14,1,0
BRDA:213,15,0,0
BRDA:213,15,1,0
BRDA:219,16,0,0
BRDA:219,16,1,0
BRDA:226,17,0,0
BRDA:226,17,1,0
BRDA:235,18,0,0
BRDA:235,18,1,0
BRDA:240,19,0,0
BRDA:240,19,1,0
BRDA:258,20,0,0
BRDA:258,21,0,0
BRDA:261,22,0,0
BRDA:261,22,1,0
BRDA:267,23,0,0
BRDA:267,23,1,0
BRDA:278,24,0,0
BRDA:278,24,1,0
BRDA:283,25,0,0
BRDA:283,25,1,0
BRDA:317,26,0,0
BRDA:317,26,1,0
BRDA:324,27,0,0
BRDA:324,27,1,0
BRDA:336,28,0,0
BRDA:336,28,1,0
BRDA:338,29,0,0
BRDA:338,29,1,0
BRDA:345,30,0,0
BRDA:345,30,1,0
BRDA:357,31,0,0
BRDA:357,31,1,0
BRDA:391,32,0,0
BRDA:391,32,1,0
BRDA:397,33,0,0
BRDA:397,33,1,0
BRDA:411,34,0,0
BRDA:411,34,1,0
BRDA:449,35,0,0
BRDA:449,35,1,0
BRF:70
BRH:0
end_of_record
TN:
SF:src/application/useCases/UpdateZoneUseCase.js
FN:5,(anonymous_0)
FN:11,(anonymous_1)
FN:95,(anonymous_2)
FN:143,(anonymous_3)
FN:232,(anonymous_4)
FN:238,(anonymous_5)
FNF:6
FNH:1
FNDA:4,(anonymous_0)
FNDA:0,(anonymous_1)
FNDA:0,(anonymous_2)
FNDA:0,(anonymous_3)
FNDA:0,(anonymous_4)
FNDA:0,(anonymous_5)
DA:1,4
DA:2,4
DA:6,4
DA:7,4
DA:8,4
DA:12,0
DA:14,0
DA:15,0
DA:18,0
DA:19,0
DA:22,0
DA:23,0
DA:27,0
DA:28,0
DA:29,0
DA:33,0
DA:34,0
DA:35,0
DA:38,0
DA:39,0
DA:40,0
DA:43,0
DA:45,0
DA:47,0
DA:49,0
DA:50,0
DA:51,0
DA:53,0
DA:55,0
DA:57,0
DA:58,0
DA:60,0
DA:65,0
DA:68,0
DA:69,0
DA:72,0
DA:79,0
DA:81,0
DA:88,0
DA:96,0
DA:98,0
DA:99,0
DA:102,0
DA:103,0
DA:106,0
DA:107,0
DA:110,0
DA:111,0
DA:114,0
DA:115,0
DA:116,0
DA:117,0
DA:118,0
DA:120,0
DA:123,0
DA:127,0
DA:136,0
DA:144,0
DA:146,0
DA:147,0
DA:150,0
DA:151,0
DA:155,0
DA:156,0
DA:157,0
DA:161,0
DA:162,0
DA:163,0
DA:164,0
DA:165,0
DA:169,0
DA:170,0
DA:175,0
DA:176,0
DA:179,0
DA:180,0
DA:181,0
DA:182,0
DA:183,0
DA:188,0
DA:189,0
DA:190,0
DA:194,0
DA:195,0
DA:196,0
DA:197,0
DA:200,0
DA:201,0
DA:204,0
DA:211,0
DA:213,0
DA:217,0
DA:225,0
DA:234,0
DA:235,0
DA:239,0
DA:240,0
DA:242,0
DA:243,0
DA:244,0
DA:245,0
DA:248,0
DA:252,4
LF:103
LH:6
BRDA:14,0,0,0
BRDA:14,0,1,0
BRDA:18,1,0,0
BRDA:18,1,1,0
BRDA:22,2,0,0
BRDA:22,2,1,0
BRDA:22,3,0,0
BRDA:22,3,1,0
BRDA:28,4,0,0
BRDA:28,4,1,0
BRDA:39,5,0,0
BRDA:39,5,1,0
BRDA:45,6,0,0
BRDA:45,6,1,0
BRDA:47,7,0,0
BRDA:47,7,1,0
BRDA:50,8,0,0
BRDA:50,8,1,0
BRDA:50,9,0,0
BRDA:50,9,1,0
BRDA:57,10,0,0
BRDA:57,10,1,0
BRDA:98,11,0,0
BRDA:98,11,1,0
BRDA:98,12,0,0
BRDA:98,12,1,0
BRDA:98,12,2,0
BRDA:102,13,0,0
BRDA:102,13,1,0
BRDA:106,14,0,0
BRDA:106,14,1,0
BRDA:106,15,0,0
BRDA:106,15,1,0
BRDA:117,16,0,0
BRDA:117,16,1,0
BRDA:146,17,0,0
BRDA:146,17,1,0
BRDA:150,18,0,0
BRDA:150,18,1,0
BRDA:156,19,0,0
BRDA:156,19,1,0
BRDA:162,20,0,0
BRDA:162,20,1,0
BRDA:164,21,0,0
BRDA:164,21,1,0
BRDA:169,22,0,0
BRDA:169,22,1,0
BRDA:179,23,0,0
BRDA:179,23,1,0
BRDA:181,24,0,0
BRDA:181,24,1,0
BRDA:188,25,0,0
BRDA:188,25,1,0
BRDA:213,26,0,0
BRDA:213,26,1,0
BRF:55
BRH:0
end_of_record
TN:
SF:src/domain/entities/Zone.js
FN:2,(anonymous_0)
FN:17,(anonymous_1)
FN:37,(anonymous_2)
FN:49,(anonymous_3)
FN:53,(anonymous_4)
FN:57,(anonymous_5)
FN:61,(anonymous_6)
FN:65,(anonymous_7)
FN:80,(anonymous_8)
FN:91,(anonymous_9)
FN:95,(anonymous_10)
FN:107,(anonymous_11)
FN:125,(anonymous_12)
FN:140,(anonymous_13)
FNF:14
FNH:14
FNDA:2579,(anonymous_0)
FNDA:2603,(anonymous_1)
FNDA:172,(anonymous_2)
FNDA:2,(anonymous_3)
FNDA:24,(anonymous_4)
FNDA:1542,(anonymous_5)
FNDA:7,(anonymous_6)
FNDA:201,(anonymous_7)
FNDA:89,(anonymous_8)
FNDA:185,(anonymous_9)
FNDA:8,(anonymous_10)
FNDA:13,(anonymous_11)
FNDA:1522,(anonymous_12)
FNDA:1214,(anonymous_13)
DA:3,2579
DA:5,2570
DA:6,2570
DA:7,2570
DA:8,2570
DA:9,2570
DA:10,2570
DA:11,2570
DA:12,2570
DA:13,2570
DA:14,2570
DA:18,2603
DA:19,9
DA:22,2594
DA:23,3
DA:26,2591
DA:27,3
DA:31,2588
DA:32,2588
DA:33,11
DA:38,172
DA:39,3
DA:42,169
DA:43,1
DA:46,168
DA:50,2
DA:54,24
DA:58,1542
DA:62,7
DA:66,201
DA:67,3
DA:70,198
DA:71,3
DA:74,195
DA:75,195
DA:76,195
DA:77,195
DA:81,89
DA:82,3
DA:85,86
DA:86,86
DA:87,86
DA:88,86
DA:92,185
DA:96,8
DA:98,5
DA:99,2
DA:102,3
DA:103,3
DA:104,3
DA:108,13
DA:109,2
DA:112,11
DA:113,1
DA:116,10
DA:117,2
DA:120,8
DA:121,8
DA:122,8
DA:126,1522
DA:141,1214
DA:145,11
LF:62
LH:62
BRDA:2,0,0,1245
BRDA:2,1,0,2297
BRDA:18,2,0,9
BRDA:18,2,1,2594
BRDA:18,3,0,2603
BRDA:18,3,1,2597
BRDA:22,4,0,3
BRDA:22,4,1,2591
BRDA:26,5,0,3
BRDA:26,5,1,2588
BRDA:32,6,0,11
BRDA:32,6,1,2577
BRDA:38,7,0,3
BRDA:38,7,1,169
BRDA:42,8,0,1
BRDA:42,8,1,168
BRDA:66,9,0,3
BRDA:66,9,1,198
BRDA:70,10,0,3
BRDA:70,10,1,195
BRDA:81,11,0,3
BRDA:81,11,1,86
BRDA:98,12,0,2
BRDA:98,12,1,3
BRDA:108,13,0,2
BRDA:108,13,1,11
BRDA:108,14,0,13
BRDA:108,14,1,11
BRDA:112,15,0,1
BRDA:112,15,1,10
BRDA:112,16,0,11
BRDA:112,16,1,9
BRDA:116,17,0,2
BRDA:116,17,1,8
BRDA:120,18,0,8
BRDA:120,18,1,2
BRF:36
BRH:36
end_of_record
TN:
SF:src/domain/events/ZoneStateChanged.js
FN:4,(anonymous_0)
FN:19,(anonymous_1)
FN:23,(anonymous_2)
FN:27,(anonymous_3)
FN:31,(anonymous_4)
FN:35,(anonymous_5)
FN:39,(anonymous_6)
FN:43,(anonymous_7)
FN:47,(anonymous_8)
FN:51,(anonymous_9)
FN:55,(anonymous_10)
FNF:11
FNH:11
FNDA:181,(anonymous_0)
FNDA:5,(anonymous_1)
FNDA:5,(anonymous_2)
FNDA:5,(anonymous_3)
FNDA:5,(anonymous_4)
FNDA:1,(anonymous_5)
FNDA:1,(anonymous_6)
FNDA:9,(anonymous_7)
FNDA:9,(anonymous_8)
FNDA:7,(anonymous_9)
FNDA:7,(anonymous_10)
DA:1,8
DA:5,181
DA:12,181
DA:13,181
DA:14,181
DA:15,181
DA:16,181
DA:20,5
DA:24,5
DA:28,5
DA:32,5
DA:36,1
DA:40,1
DA:44,9
DA:48,9
DA:52,7
DA:56,7
DA:60,8
LF:18
LH:18
BRDA:44,0,0,6
BRDA:44,0,1,3
BRDA:48,1,0,7
BRDA:48,1,1,2
BRDA:52,2,0,5
BRDA:52,2,1,2
BRDA:56,3,0,5
BRDA:56,3,1,2
BRF:8
BRH:8
end_of_record
TN:
SF:src/domain/repositories/ZoneRepository.js
FN:3,(anonymous_0)
FN:7,(anonymous_1)
FN:11,(anonymous_2)
FN:15,(anonymous_3)
FN:19,(anonymous_4)
FN:23,(anonymous_5)
FN:27,(anonymous_6)
FN:31,(anonymous_7)
FN:35,(anonymous_8)
FN:39,(anonymous_9)
FN:43,(anonymous_10)
FN:47,(anonymous_11)
FN:51,(anonymous_12)
FN:55,(anonymous_13)
FN:59,(anonymous_14)
FN:63,(anonymous_15)
FN:67,(anonymous_16)
FN:71,(anonymous_17)
FNF:18
FNH:0
FNDA:0,(anonymous_0)
FNDA:0,(anonymous_1)
FNDA:0,(anonymous_2)
FNDA:0,(anonymous_3)
FNDA:0,(anonymous_4)
FNDA:0,(anonymous_5)
FNDA:0,(anonymous_6)
FNDA:0,(anonymous_7)
FNDA:0,(anonymous_8)
FNDA:0,(anonymous_9)
FNDA:0,(anonymous_10)
FNDA:0,(anonymous_11)
FNDA:0,(anonymous_12)
FNDA:0,(anonymous_13)
FNDA:0,(anonymous_14)
FNDA:0,(anonymous_15)
FNDA:0,(anonymous_16)
FNDA:0,(anonymous_17)
DA:4,0
DA:8,0
DA:12,0
DA:16,0
DA:20,0
DA:24,0
DA:28,0
DA:32,0
DA:36,0
DA:40,0
DA:44,0
DA:48,0
DA:52,0
DA:56,0
DA:60,0
DA:64,0
DA:68,0
DA:72,0
DA:76,5
LF:19
LH:1
BRDA:47,0,0,0
BRF:1
BRH:0
end_of_record
TN:
SF:src/infrastructure/controllers/ZoneController.js
FN:13,(anonymous_0)
FN:47,(anonymous_1)
FN:68,(anonymous_2)
FN:138,(anonymous_3)
FN:189,(anonymous_4)
FN:290,(anonymous_5)
FN:397,(anonymous_6)
FN:455,(anonymous_7)
FN:511,(anonymous_8)
FN:571,(anonymous_9)
FN:628,(anonymous_10)
FN:700,(anonymous_11)
FNF:12
FNH:11
FNDA:53,(anonymous_0)
FNDA:10,(anonymous_1)
FNDA:0,(anonymous_2)
FNDA:5,(anonymous_3)
FNDA:9,(anonymous_4)
FNDA:7,(anonymous_5)
FNDA:4,(anonymous_6)
FNDA:4,(anonymous_7)
FNDA:2,(anonymous_8)
FNDA:2,(anonymous_9)
FNDA:4,(anonymous_10)
FNDA:3,(anonymous_11)
DA:23,53
DA:24,53
DA:25,53
DA:26,53
DA:27,53
DA:28,53
DA:29,53
DA:30,53
DA:48,10
DA:49,10
DA:55,10
DA:60,10
DA:61,1
DA:62,1
DA:63,1
DA:66,0
DA:67,0
DA:68,0
DA:69,0
DA:75,0
DA:80,9
DA:81,2
DA:88,7
DA:89,7
DA:92,9
DA:93,1
DA:100,8
DA:101,3
DA:102,3
DA:103,1
DA:104,1
DA:105,1
DA:106,1
DA:110,8
DA:126,1
DA:139,5
DA:140,5
DA:141,5
DA:144,5
DA:145,1
DA:151,4
DA:153,3
DA:155,2
DA:156,1
DA:161,1
DA:167,1
DA:172,1
DA:190,9
DA:191,9
DA:192,8
DA:195,8
DA:196,2
DA:206,6
DA:207,0
DA:217,6
DA:218,1
DA:228,5
DA:229,1
DA:238,4
DA:245,4
DA:247,2
DA:248,1
DA:255,1
DA:256,1
DA:262,0
DA:268,2
DA:274,1
DA:291,7
DA:292,7
DA:293,7
DA:294,7
DA:297,7
DA:298,1
DA:305,6
DA:306,2
DA:316,4
DA:317,3
DA:318,0
DA:327,3
DA:328,0
DA:339,4
DA:340,1
DA:350,3
DA:351,3
DA:352,3
DA:354,3
DA:356,3
DA:358,2
DA:359,1
DA:366,1
DA:367,1
DA:373,0
DA:379,1
DA:385,0
DA:398,4
DA:399,4
DA:400,4
DA:403,4
DA:404,1
DA:410,3
DA:412,3
DA:414,2
DA:415,1
DA:422,1
DA:426,1
DA:432,0
DA:438,1
DA:443,0
DA:456,4
DA:457,4
DA:458,4
DA:461,4
DA:462,1
DA:468,3
DA:470,3
DA:472,2
DA:473,1
DA:480,1
DA:481,1
DA:487,0
DA:493,1
DA:499,0
DA:512,2
DA:513,2
DA:514,2
DA:517,2
DA:518,0
DA:524,2
DA:526,2
DA:528,1
DA:529,0
DA:536,1
DA:537,1
DA:543,0
DA:549,1
DA:555,0
DA:572,2
DA:573,2
DA:577,2
DA:580,2
DA:581,0
DA:587,2
DA:593,2
DA:595,0
DA:596,0
DA:602,0
DA:608,2
DA:613,0
DA:629,4
DA:630,4
DA:631,4
DA:632,4
DA:635,4
DA:636,0
DA:643,4
DA:644,1
DA:653,3
DA:659,3
DA:661,1
DA:662,0
DA:669,1
DA:670,1
DA:676,0
DA:682,2
DA:688,0
DA:701,3
DA:702,3
DA:704,3
DA:705,1
DA:711,2
DA:713,2
DA:725,0
DA:730,5
LF:173
LH:144
BRDA:51,0,0,10
BRDA:60,1,0,1
BRDA:60,1,1,9
BRDA:62,2,0,1
BRDA:62,2,1,0
BRDA:67,3,0,0
BRDA:67,3,1,0
BRDA:80,4,0,2
BRDA:80,4,1,7
BRDA:82,5,0,1
BRDA:82,5,1,1
BRDA:92,6,0,1
BRDA:92,6,1,8
BRDA:100,7,0,3
BRDA:100,7,1,5
BRDA:100,8,0,8
BRDA:100,8,1,3
BRDA:102,9,0,1
BRDA:102,9,1,2
BRDA:102,10,0,3
BRDA:102,10,1,2
BRDA:115,11,0,8
BRDA:115,11,1,1
BRDA:116,12,0,8
BRDA:116,12,1,0
BRDA:117,13,0,8
BRDA:117,13,1,1
BRDA:121,14,0,8
BRDA:121,14,1,2
BRDA:122,15,0,8
BRDA:122,15,1,1
BRDA:144,16,0,1
BRDA:144,16,1,4
BRDA:153,17,0,2
BRDA:153,17,1,1
BRDA:155,18,0,1
BRDA:155,18,1,1
BRDA:155,19,0,2
BRDA:155,19,1,2
BRDA:191,20,0,5
BRDA:195,21,0,2
BRDA:195,21,1,6
BRDA:206,22,0,0
BRDA:206,22,1,6
BRDA:206,23,0,6
BRDA:206,23,1,6
BRDA:217,24,0,1
BRDA:217,24,1,5
BRDA:228,25,0,1
BRDA:228,25,1,4
BRDA:228,26,0,5
BRDA:228,26,1,2
BRDA:241,27,0,4
BRDA:241,27,1,2
BRDA:245,28,0,2
BRDA:245,28,1,2
BRDA:247,29,0,1
BRDA:247,29,1,1
BRDA:247,30,0,2
BRDA:247,30,1,2
BRDA:255,31,0,1
BRDA:255,31,1,0
BRDA:255,32,0,1
BRDA:255,32,1,1
BRDA:297,33,0,1
BRDA:297,33,1,6
BRDA:305,34,0,2
BRDA:305,34,1,4
BRDA:305,35,0,6
BRDA:305,35,1,3
BRDA:316,36,0,3
BRDA:316,36,1,1
BRDA:317,37,0,0
BRDA:317,37,1,3
BRDA:317,38,0,3
BRDA:317,38,1,3
BRDA:327,39,0,0
BRDA:327,39,1,3
BRDA:339,40,0,1
BRDA:339,40,1,3
BRDA:339,41,0,4
BRDA:339,41,1,2
BRDA:351,42,0,3
BRDA:351,42,1,0
BRDA:352,43,0,1
BRDA:352,43,1,2
BRDA:356,44,0,2
BRDA:356,44,1,1
BRDA:358,45,0,1
BRDA:358,45,1,1
BRDA:358,46,0,2
BRDA:358,46,1,2
BRDA:366,47,0,1
BRDA:366,47,1,0
BRDA:366,48,0,1
BRDA:366,48,1,1
BRDA:403,49,0,1
BRDA:403,49,1,3
BRDA:412,50,0,2
BRDA:412,50,1,1
BRDA:414,51,0,1
BRDA:414,51,1,1
BRDA:414,52,0,2
BRDA:414,52,1,2
BRDA:422,53,0,1
BRDA:422,53,1,0
BRDA:422,54,0,1
BRDA:422,54,1,1
BRDA:422,54,2,0
BRDA:461,55,0,1
BRDA:461,55,1,3
BRDA:470,56,0,2
BRDA:470,56,1,1
BRDA:472,57,0,1
BRDA:472,57,1,1
BRDA:472,58,0,2
BRDA:472,58,1,2
BRDA:480,59,0,1
BRDA:480,59,1,0
BRDA:480,60,0,1
BRDA:480,60,1,1
BRDA:517,61,0,0
BRDA:517,61,1,2
BRDA:526,62,0,1
BRDA:526,62,1,1
BRDA:528,63,0,0
BRDA:528,63,1,1
BRDA:528,64,0,1
BRDA:528,64,1,1
BRDA:536,65,0,1
BRDA:536,65,1,0
BRDA:536,66,0,1
BRDA:536,66,1,1
BRDA:575,67,0,1
BRDA:576,68,0,1
BRDA:580,69,0,0
BRDA:580,69,1,2
BRDA:593,70,0,0
BRDA:593,70,1,2
BRDA:595,71,0,0
BRDA:595,71,1,0
BRDA:595,72,0,0
BRDA:595,72,1,0
BRDA:635,73,0,0
BRDA:635,73,1,4
BRDA:643,74,0,1
BRDA:643,74,1,3
BRDA:655,75,0,3
BRDA:655,75,1,1
BRDA:659,76,0,1
BRDA:659,76,1,2
BRDA:661,77,0,0
BRDA:661,77,1,1
BRDA:661,78,0,1
BRDA:661,78,1,1
BRDA:669,79,0,1
BRDA:669,79,1,0
BRDA:669,80,0,1
BRDA:669,80,1,1
BRDA:685,81,0,2
BRDA:685,81,1,0
BRDA:704,82,0,1
BRDA:704,82,1,2
BRDA:711,83,0,1
BRDA:711,83,1,1
BRF:165
BRH:139
end_of_record
TN:
SF:src/infrastructure/middleware/zoneAuditLogger.js
FN:114,(anonymous_0)
FN:133,(anonymous_1)
FN:190,(anonymous_2)
FN:207,(anonymous_3)
FN:208,(anonymous_4)
FN:213,(anonymous_5)
FN:220,(anonymous_6)
FN:257,(anonymous_7)
FN:258,(anonymous_8)
FN:282,(anonymous_9)
FN:283,(anonymous_10)
FN:287,(anonymous_11)
FN:341,(anonymous_12)
FN:353,(anonymous_13)
FNF:14
FNH:12
FNDA:19,(anonymous_0)
FNDA:19,(anonymous_1)
FNDA:19,(anonymous_2)
FNDA:40,(anonymous_3)
FNDA:1,(anonymous_4)
FNDA:1,(anonymous_5)
FNDA:1,(anonymous_6)
FNDA:0,(anonymous_7)
FNDA:0,(anonymous_8)
FNDA:40,(anonymous_9)
FNDA:1,(anonymous_10)
FNDA:1,(anonymous_11)
FNDA:4,(anonymous_12)
FNDA:16,(anonymous_13)
DA:8,4
DA:9,4
DA:14,4
DA:50,4
DA:60,4
DA:91,4
DA:114,4
DA:115,19
DA:133,4
DA:134,19
DA:179,19
DA:190,4
DA:191,19
DA:194,19
DA:195,17
DA:198,19
DA:207,4
DA:208,40
DA:210,1
DA:211,1
DA:213,1
DA:214,1
DA:215,1
DA:219,1
DA:220,1
DA:222,1
DA:239,1
DA:241,1
DA:245,1
DA:247,1
DA:257,4
DA:258,0
DA:259,0
DA:274,0
DA:275,0
DA:282,4
DA:283,40
DA:285,1
DA:287,1
DA:288,1
DA:289,0
DA:290,0
DA:293,0
DA:294,0
DA:295,0
DA:296,0
DA:297,0
DA:300,0
DA:313,0
DA:316,1
DA:328,1
DA:331,1
DA:334,1
DA:341,4
DA:342,4
DA:353,4
DA:354,16
DA:360,16
DA:361,64
DA:362,16
DA:375,16
DA:384,16
DA:388,16
DA:392,4
LF:64
LH:51
BRDA:77,0,0,4
BRDA:77,0,1,0
BRDA:116,1,0,19
BRDA:116,1,1,0
BRDA:133,2,0,0
BRDA:154,3,0,17
BRDA:154,3,1,2
BRDA:190,4,0,0
BRDA:194,5,0,17
BRDA:194,5,1,2
BRDA:194,6,0,19
BRDA:194,6,1,19
BRDA:207,7,0,40
BRDA:226,8,0,1
BRDA:226,8,1,1
BRDA:230,9,0,1
BRDA:230,9,1,1
BRDA:257,10,0,0
BRDA:262,11,0,0
BRDA:262,11,1,0
BRDA:263,12,0,0
BRDA:263,12,1,0
BRDA:264,13,0,0
BRDA:264,13,1,0
BRDA:288,14,0,0
BRDA:288,14,1,1
BRDA:293,15,0,0
BRDA:293,15,1,0
BRDA:293,16,0,0
BRDA:293,16,1,0
BRDA:295,17,0,0
BRDA:295,17,1,0
BRDA:295,18,0,0
BRDA:295,18,1,0
BRDA:361,19,0,16
BRDA:361,19,1,48
BRF:36
BRH:16
end_of_record
TN:
SF:src/infrastructure/middleware/zoneCsrfProtection.js
FN:27,(anonymous_0)
FN:38,(anonymous_1)
FN:54,(anonymous_2)
FN:73,(anonymous_3)
FN:94,(anonymous_4)
FN:127,(anonymous_5)
FN:162,(anonymous_6)
FN:325,(anonymous_7)
FN:357,(anonymous_8)
FNF:9
FNH:4
FNDA:2,(anonymous_0)
FNDA:2,(anonymous_1)
FNDA:0,(anonymous_2)
FNDA:2,(anonymous_3)
FNDA:0,(anonymous_4)
FNDA:0,(anonymous_5)
FNDA:1,(anonymous_6)
FNDA:0,(anonymous_7)
FNDA:0,(anonymous_8)
DA:8,4
DA:9,4
DA:14,4
DA:27,4
DA:28,2
DA:38,4
DA:39,2
DA:40,2
DA:54,4
DA:55,0
DA:58,0
DA:59,0
DA:64,0
DA:73,4
DA:74,2
DA:75,2
DA:76,2
DA:78,2
DA:94,4
DA:95,0
DA:101,0
DA:102,0
DA:103,0
DA:107,0
DA:108,0
DA:109,0
DA:110,0
DA:111,0
DA:115,0
DA:116,0
DA:117,0
DA:120,0
DA:121,0
DA:127,4
DA:128,0
DA:129,0
DA:130,0
DA:133,0
DA:136,0
DA:143,0
DA:150,0
DA:152,0
DA:154,0
DA:155,0
DA:162,4
DA:163,1
DA:165,1
DA:166,0
DA:170,1
DA:171,0
DA:179,1
DA:183,1
DA:184,1
DA:185,1
DA:187,0
DA:191,1
DA:192,1
DA:206,1
DA:214,1
DA:222,0
DA:223,0
DA:236,0
DA:244,0
DA:252,0
DA:259,0
DA:260,0
DA:273,0
DA:281,0
DA:289,0
DA:291,0
DA:293,0
DA:306,0
DA:314,0
DA:325,4
DA:326,0
DA:327,0
DA:328,0
DA:335,0
DA:337,0
DA:345,0
DA:346,0
DA:357,4
DA:358,0
DA:360,0
DA:361,0
DA:364,0
DA:365,0
DA:366,0
DA:369,0
DA:371,0
DA:372,0
DA:380,0
DA:381,0
DA:388,0
DA:390,0
DA:391,0
DA:399,4
LF:97
LH:31
BRDA:17,0,0,4
BRDA:17,0,1,4
BRDA:101,1,0,0
BRDA:101,1,1,0
BRDA:101,2,0,0
BRDA:101,2,1,0
BRDA:101,2,2,0
BRDA:109,3,0,0
BRDA:109,3,1,0
BRDA:115,4,0,0
BRDA:115,4,1,0
BRDA:129,5,0,0
BRDA:129,5,1,0
BRDA:165,6,0,0
BRDA:165,6,1,1
BRDA:170,7,0,0
BRDA:170,7,1,1
BRDA:185,8,0,0
BRDA:185,8,1,1
BRDA:191,9,0,1
BRDA:191,9,1,0
BRDA:191,10,0,1
BRDA:191,10,1,1
BRDA:222,11,0,0
BRDA:222,11,1,0
BRDA:259,12,0,0
BRDA:259,12,1,0
BRDA:327,13,0,0
BRDA:327,13,1,0
BRDA:360,14,0,0
BRDA:360,14,1,0
BRDA:369,15,0,0
BRDA:369,15,1,0
BRDA:369,15,2,0
BRDA:371,16,0,0
BRDA:371,16,1,0
BRDA:380,17,0,0
BRDA:380,17,1,0
BRF:38
BRH:8
end_of_record
TN:
SF:src/infrastructure/middleware/zonePermissions.js
FN:42,(anonymous_0)
FN:43,(anonymous_1)
FN:95,(anonymous_2)
FN:96,(anonymous_3)
FN:148,(anonymous_4)
FN:149,(anonymous_5)
FN:201,(anonymous_6)
FN:202,(anonymous_7)
FN:239,(anonymous_8)
FN:240,(anonymous_9)
FNF:10
FNH:6
FNDA:40,(anonymous_0)
FNDA:1,(anonymous_1)
FNDA:16,(anonymous_2)
FNDA:0,(anonymous_3)
FNDA:12,(anonymous_4)
FNDA:0,(anonymous_5)
FNDA:8,(anonymous_6)
FNDA:0,(anonymous_7)
FNDA:4,(anonymous_8)
FNDA:0,(anonymous_9)
DA:8,4
DA:16,4
DA:42,4
DA:43,40
DA:44,1
DA:45,1
DA:47,1
DA:48,0
DA:55,1
DA:56,1
DA:58,1
DA:59,0
DA:72,1
DA:78,1
DA:80,0
DA:81,0
DA:95,4
DA:96,16
DA:97,0
DA:98,0
DA:99,0
DA:101,0
DA:102,0
DA:110,0
DA:111,0
DA:115,0
DA:116,0
DA:118,0
DA:119,0
DA:131,0
DA:133,0
DA:134,0
DA:148,4
DA:149,12
DA:150,0
DA:151,0
DA:152,0
DA:154,0
DA:155,0
DA:163,0
DA:164,0
DA:168,0
DA:169,0
DA:171,0
DA:172,0
DA:184,0
DA:186,0
DA:187,0
DA:201,4
DA:202,8
DA:203,0
DA:204,0
DA:206,0
DA:207,0
DA:214,0
DA:215,0
DA:222,0
DA:224,0
DA:225,0
DA:239,4
DA:240,4
DA:241,0
DA:242,0
DA:243,0
DA:245,0
DA:246,0
DA:250,0
DA:251,0
DA:259,0
DA:260,0
DA:262,0
DA:263,0
DA:275,0
DA:277,0
DA:278,0
DA:287,4
LF:76
LH:21
BRDA:47,0,0,0
BRDA:47,0,1,1
BRDA:55,1,0,1
BRDA:55,1,1,0
BRDA:56,2,0,1
BRDA:56,2,1,0
BRDA:58,3,0,0
BRDA:58,3,1,1
BRDA:101,4,0,0
BRDA:101,4,1,0
BRDA:110,5,0,0
BRDA:110,5,1,0
BRDA:110,6,0,0
BRDA:110,6,1,0
BRDA:115,7,0,0
BRDA:115,7,1,0
BRDA:115,8,0,0
BRDA:115,8,1,0
BRDA:118,9,0,0
BRDA:118,9,1,0
BRDA:154,10,0,0
BRDA:154,10,1,0
BRDA:163,11,0,0
BRDA:163,11,1,0
BRDA:163,12,0,0
BRDA:163,12,1,0
BRDA:168,13,0,0
BRDA:168,13,1,0
BRDA:168,14,0,0
BRDA:168,14,1,0
BRDA:171,15,0,0
BRDA:171,15,1,0
BRDA:201,16,0,8
BRDA:206,17,0,0
BRDA:206,17,1,0
BRDA:214,18,0,0
BRDA:214,18,1,0
BRDA:214,19,0,0
BRDA:214,19,1,0
BRDA:245,20,0,0
BRDA:245,20,1,0
BRDA:245,21,0,0
BRDA:245,21,1,0
BRDA:250,22,0,0
BRDA:250,22,1,0
BRDA:259,23,0,0
BRDA:259,23,1,0
BRDA:259,24,0,0
BRDA:259,24,1,0
BRDA:262,25,0,0
BRDA:262,25,1,0
BRF:51
BRH:5
end_of_record
TN:
SF:src/infrastructure/middleware/zoneRateLimit.js
FN:68,(anonymous_0)
FN:69,(anonymous_1)
FN:80,(anonymous_2)
FN:81,(anonymous_3)
FN:109,(anonymous_4)
FN:180,(anonymous_5)
FN:181,(anonymous_6)
FN:227,(anonymous_7)
FN:230,(anonymous_8)
FNF:9
FNH:6
FNDA:16,(anonymous_0)
FNDA:16,(anonymous_1)
FNDA:16,(anonymous_2)
FNDA:0,(anonymous_3)
FNDA:16,(anonymous_4)
FNDA:0,(anonymous_5)
FNDA:0,(anonymous_6)
FNDA:4,(anonymous_7)
FNDA:283,(anonymous_8)
DA:8,4
DA:13,4
DA:68,4
DA:69,16
DA:70,16
DA:71,16
DA:80,4
DA:81,16
DA:83,0
DA:93,0
DA:100,0
DA:109,4
DA:111,16
DA:112,0
DA:116,16
DA:117,0
DA:120,16
DA:126,4
DA:139,4
DA:152,4
DA:165,4
DA:180,4
DA:181,0
DA:182,0
DA:185,0
DA:200,0
DA:201,0
DA:204,0
DA:217,0
DA:227,4
DA:228,4
DA:230,4
DA:231,283
DA:232,283
DA:233,283
DA:236,283
DA:237,279
DA:238,0
DA:243,283
DA:244,283
DA:245,4
DA:249,4
DA:253,283
DA:254,283
DA:256,283
DA:257,267
DA:265,267
DA:274,0
DA:275,0
DA:278,16
DA:282,4
LF:51
LH:36
BRDA:70,0,0,0
BRDA:70,0,1,16
BRDA:83,1,0,0
BRDA:83,1,1,0
BRDA:111,2,0,0
BRDA:111,2,1,16
BRDA:111,3,0,16
BRDA:111,3,1,0
BRDA:116,4,0,0
BRDA:116,4,1,16
BRDA:116,5,0,16
BRDA:116,5,1,0
BRDA:182,6,0,0
BRDA:182,6,1,0
BRDA:200,7,0,0
BRDA:200,7,1,0
BRDA:227,8,0,4
BRDA:227,9,0,4
BRDA:231,10,0,283
BRDA:231,10,1,283
BRDA:237,11,0,0
BRDA:237,11,1,279
BRDA:244,12,0,4
BRDA:244,12,1,279
BRDA:253,13,0,283
BRDA:253,13,1,0
BRDA:256,14,0,267
BRDA:256,14,1,16
BRF:28
BRH:15
end_of_record
TN:
SF:src/infrastructure/middleware/zoneValidation.js
FN:45,(anonymous_0)
FN:76,(anonymous_1)
FN:127,(anonymous_2)
FN:172,(anonymous_3)
FN:196,(anonymous_4)
FN:252,(anonymous_5)
FN:306,(anonymous_6)
FN:347,(anonymous_7)
FN:401,(anonymous_8)
FNF:9
FNH:9
FNDA:87,(anonymous_0)
FNDA:38,(anonymous_1)
FNDA:20,(anonymous_2)
FNDA:35,(anonymous_3)
FNDA:7,(anonymous_4)
FNDA:6,(anonymous_5)
FNDA:4,(anonymous_6)
FNDA:5,(anonymous_7)
FNDA:15,(anonymous_8)
DA:8,5
DA:9,5
DA:14,5
DA:45,5
DA:46,87
DA:47,3
DA:51,84
DA:57,84
DA:60,84
DA:61,17
DA:64,84
DA:65,65
DA:68,84
DA:76,5
DA:77,38
DA:79,38
DA:80,5
DA:81,5
DA:84,33
DA:86,33
DA:87,2
DA:90,33
DA:91,1
DA:94,33
DA:95,8
DA:99,33
DA:108,33
DA:109,165
DA:110,9
DA:111,9
DA:115,33
DA:127,5
DA:128,20
DA:130,20
DA:131,2
DA:134,18
DA:135,2
DA:136,2
DA:139,16
DA:141,16
DA:142,1
DA:146,16
DA:153,16
DA:154,52
DA:155,7
DA:156,7
DA:160,16
DA:172,5
DA:173,35
DA:175,35
DA:176,4
DA:177,4
DA:180,31
DA:182,31
DA:183,11
DA:186,31
DA:196,5
DA:197,7
DA:198,7
DA:199,5
DA:202,5
DA:203,5
DA:204,1
DA:208,5
DA:209,5
DA:210,2
DA:214,5
DA:215,3
DA:216,3
DA:217,1
DA:222,5
DA:223,4
DA:232,1
DA:233,1
DA:234,1
DA:235,1
DA:238,1
DA:240,2
DA:241,2
DA:252,5
DA:253,6
DA:254,6
DA:255,6
DA:258,6
DA:259,4
DA:260,4
DA:261,1
DA:263,3
DA:268,6
DA:269,3
DA:270,3
DA:271,0
DA:273,3
DA:278,6
DA:279,1
DA:283,6
DA:284,2
DA:292,4
DA:294,0
DA:295,0
DA:306,5
DA:307,4
DA:308,4
DA:310,4
DA:311,1
DA:318,3
DA:319,3
DA:320,1
DA:331,2
DA:333,2
DA:335,0
DA:336,0
DA:347,5
DA:348,5
DA:349,5
DA:350,5
DA:351,5
DA:354,5
DA:355,5
DA:356,1
DA:360,5
DA:361,4
DA:362,4
DA:363,1
DA:367,4
DA:368,1
DA:373,5
DA:374,3
DA:383,2
DA:384,1
DA:387,2
DA:389,0
DA:390,0
DA:401,5
DA:402,15
DA:403,15
DA:404,15
DA:407,15
DA:408,2
DA:412,15
DA:413,2
DA:414,2
DA:415,1
DA:420,15
DA:421,2
DA:425,15
DA:426,10
DA:427,10
DA:428,5
DA:433,15
DA:434,8
DA:442,7
DA:444,0
DA:445,0
DA:453,5
LF:155
LH:146
BRDA:45,0,0,5
BRDA:46,1,0,3
BRDA:46,1,1,84
BRDA:60,2,0,17
BRDA:60,2,1,67
BRDA:64,3,0,65
BRDA:64,3,1,19
BRDA:79,4,0,5
BRDA:79,4,1,33
BRDA:79,5,0,38
BRDA:79,5,1,34
BRDA:86,6,0,2
BRDA:86,6,1,31
BRDA:90,7,0,1
BRDA:90,7,1,32
BRDA:94,8,0,8
BRDA:94,8,1,25
BRDA:109,9,0,9
BRDA:109,9,1,156
BRDA:130,10,0,2
BRDA:130,10,1,18
BRDA:130,11,0,20
BRDA:130,11,1,19
BRDA:134,12,0,2
BRDA:134,12,1,16
BRDA:141,13,0,1
BRDA:141,13,1,15
BRDA:154,14,0,7
BRDA:154,14,1,45
BRDA:175,15,0,4
BRDA:175,15,1,31
BRDA:175,16,0,35
BRDA:175,16,1,32
BRDA:182,17,0,11
BRDA:182,17,1,20
BRDA:203,18,0,1
BRDA:203,18,1,4
BRDA:209,19,0,2
BRDA:209,19,1,3
BRDA:214,20,0,3
BRDA:214,20,1,2
BRDA:216,21,0,1
BRDA:216,21,1,2
BRDA:222,22,0,4
BRDA:222,22,1,1
BRDA:234,23,0,1
BRDA:234,23,1,0
BRDA:258,24,0,4
BRDA:258,24,1,2
BRDA:260,25,0,1
BRDA:260,25,1,3
BRDA:268,26,0,3
BRDA:268,26,1,3
BRDA:270,27,0,0
BRDA:270,27,1,3
BRDA:278,28,0,1
BRDA:278,28,1,5
BRDA:278,29,0,6
BRDA:278,29,1,2
BRDA:283,30,0,2
BRDA:283,30,1,4
BRDA:310,31,0,1
BRDA:310,31,1,3
BRDA:319,32,0,1
BRDA:319,32,1,2
BRDA:355,33,0,1
BRDA:355,33,1,4
BRDA:360,34,0,4
BRDA:360,34,1,1
BRDA:362,35,0,1
BRDA:362,35,1,3
BRDA:367,36,0,1
BRDA:367,36,1,3
BRDA:373,37,0,3
BRDA:373,37,1,2
BRDA:383,38,0,1
BRDA:383,38,1,1
BRDA:407,39,0,2
BRDA:407,39,1,13
BRDA:407,40,0,15
BRDA:407,40,1,3
BRDA:412,41,0,2
BRDA:412,41,1,13
BRDA:412,42,0,15
BRDA:412,42,1,3
BRDA:414,43,0,1
BRDA:414,43,1,1
BRDA:420,44,0,2
BRDA:420,44,1,13
BRDA:420,45,0,15
BRDA:420,45,1,3
BRDA:425,46,0,10
BRDA:425,46,1,5
BRDA:427,47,0,5
BRDA:427,47,1,5
BRDA:427,48,0,10
BRDA:427,48,1,8
BRDA:427,48,2,6
BRDA:433,49,0,8
BRDA:433,49,1,7
BRF:100
BRH:98
end_of_record
TN:
SF:src/infrastructure/persistence/InMemoryZoneRepository.js
FN:5,(anonymous_0)
FN:16,(anonymous_1)
FN:24,(anonymous_2)
FN:39,(anonymous_3)
FN:43,(anonymous_4)
FN:79,(anonymous_5)
FN:86,(anonymous_6)
FN:94,(anonymous_7)
FN:98,(anonymous_8)
FN:99,(anonymous_9)
FN:102,(anonymous_10)
FN:112,(anonymous_11)
FN:115,(anonymous_12)
FN:116,(anonymous_13)
FN:119,(anonymous_14)
FN:120,(anonymous_15)
FN:123,(anonymous_16)
FN:127,(anonymous_17)
FN:130,(anonymous_18)
FN:169,(anonymous_19)
FN:176,(anonymous_20)
FN:189,(anonymous_21)
FN:198,(anonymous_22)
FN:215,(anonymous_23)
FN:249,(anonymous_24)
FN:253,(anonymous_25)
FN:258,(anonymous_26)
FN:263,(anonymous_27)
FN:268,(anonymous_28)
FN:275,(anonymous_29)
FN:303,(anonymous_30)
FN:322,(anonymous_31)
FN:337,(anonymous_32)
FNF:33
FNH:33
FNDA:81,(anonymous_0)
FNDA:81,(anonymous_1)
FNDA:243,(anonymous_2)
FNDA:243,(anonymous_3)
FNDA:1062,(anonymous_4)
FNDA:21,(anonymous_5)
FNDA:10,(anonymous_6)
FNDA:16,(anonymous_7)
FNDA:2,(anonymous_8)
FNDA:7,(anonymous_9)
FNDA:11,(anonymous_10)
FNDA:5,(anonymous_11)
FNDA:2,(anonymous_12)
FNDA:6,(anonymous_13)
FNDA:2,(anonymous_14)
FNDA:6,(anonymous_15)
FNDA:4,(anonymous_16)
FNDA:9,(anonymous_17)
FNDA:7,(anonymous_18)
FNDA:4,(anonymous_19)
FNDA:7,(anonymous_20)
FNDA:8,(anonymous_21)
FNDA:3,(anonymous_22)
FNDA:7,(anonymous_23)
FNDA:2,(anonymous_24)
FNDA:3,(anonymous_25)
FNDA:7,(anonymous_26)
FNDA:3,(anonymous_27)
FNDA:8,(anonymous_28)
FNDA:20,(anonymous_29)
FNDA:1039,(anonymous_30)
FNDA:4,(anonymous_31)
FNDA:2,(anonymous_32)
DA:1,5
DA:2,5
DA:6,81
DA:7,81
DA:8,81
DA:9,81
DA:10,81
DA:11,81
DA:13,81
DA:18,81
DA:24,81
DA:25,243
DA:32,243
DA:33,243
DA:34,243
DA:35,243
DA:40,243
DA:44,1062
DA:45,1062
DA:46,2
DA:50,1060
DA:51,1060
DA:53,1060
DA:54,1
DA:58,1059
DA:59,20
DA:61,1039
DA:65,1059
DA:68,1059
DA:69,0
DA:71,1059
DA:73,1059
DA:75,3
DA:80,21
DA:81,2
DA:83,19
DA:87,10
DA:88,3
DA:90,7
DA:91,7
DA:95,16
DA:99,7
DA:103,11
DA:104,1
DA:107,10
DA:108,10
DA:109,1
DA:112,9
DA:116,6
DA:120,6
DA:124,4
DA:125,1
DA:127,9
DA:131,7
DA:132,7
DA:133,2
DA:136,5
DA:137,5
DA:138,1
DA:142,4
DA:143,4
DA:144,1
DA:148,3
DA:149,1
DA:150,1
DA:151,1
DA:155,2
DA:159,3
DA:160,3
DA:161,3
DA:163,3
DA:165,1
DA:170,4
DA:171,2
DA:173,2
DA:177,7
DA:178,3
DA:181,4
DA:182,4
DA:183,1
DA:186,3
DA:190,8
DA:191,1
DA:194,7
DA:195,7
DA:199,3
DA:200,3
DA:201,1
DA:204,2
DA:205,2
DA:206,1
DA:209,1
DA:211,2
DA:216,7
DA:217,7
DA:218,2
DA:221,5
DA:222,1
DA:226,4
DA:227,4
DA:229,4
DA:230,1
DA:233,3
DA:234,1
DA:238,2
DA:239,2
DA:240,1
DA:243,1
DA:245,6
DA:250,2
DA:254,3
DA:255,1
DA:258,2
DA:259,7
DA:264,3
DA:265,1
DA:268,2
DA:269,8
DA:277,20
DA:279,0
DA:280,0
DA:281,0
DA:282,0
DA:285,0
DA:289,0
DA:290,0
DA:291,0
DA:292,0
DA:293,0
DA:295,0
DA:296,0
DA:298,0
DA:305,1039
DA:306,11
DA:307,11
DA:308,0
DA:309,0
DA:311,11
DA:313,1028
DA:317,1039
DA:318,1039
DA:323,4
DA:328,4
DA:329,4
DA:330,3
DA:331,3
DA:334,4
DA:339,2
DA:340,2
DA:341,0
DA:344,2
DA:345,2
DA:347,2
DA:348,4
DA:350,4
DA:351,0
DA:354,4
DA:356,4
DA:357,1
DA:361,3
DA:362,3
DA:363,3
DA:367,1
DA:371,5
LF:164
LH:146
BRDA:45,0,0,2
BRDA:45,0,1,1060
BRDA:45,1,0,1062
BRDA:45,1,1,1061
BRDA:53,2,0,1
BRDA:53,2,1,1059
BRDA:53,3,0,1060
BRDA:53,3,1,20
BRDA:58,4,0,20
BRDA:58,4,1,1039
BRDA:68,5,0,0
BRDA:68,5,1,1059
BRDA:68,6,0,1059
BRDA:68,6,1,20
BRDA:80,7,0,2
BRDA:80,7,1,19
BRDA:83,8,0,19
BRDA:83,8,1,5
BRDA:87,9,0,3
BRDA:87,9,1,7
BRDA:87,10,0,10
BRDA:87,10,1,8
BRDA:91,11,0,5
BRDA:91,11,1,2
BRDA:103,12,0,1
BRDA:103,12,1,10
BRDA:108,13,0,1
BRDA:108,13,1,9
BRDA:124,14,0,1
BRDA:124,14,1,3
BRDA:132,15,0,2
BRDA:132,15,1,5
BRDA:137,16,0,1
BRDA:137,16,1,4
BRDA:143,17,0,1
BRDA:143,17,1,3
BRDA:148,18,0,1
BRDA:148,18,1,2
BRDA:150,19,0,1
BRDA:150,19,1,0
BRDA:170,20,0,2
BRDA:170,20,1,2
BRDA:176,21,0,6
BRDA:177,22,0,3
BRDA:177,22,1,4
BRDA:177,23,0,7
BRDA:177,23,1,5
BRDA:182,24,0,1
BRDA:182,24,1,3
BRDA:186,25,0,1
BRDA:186,25,1,2
BRDA:190,26,0,1
BRDA:190,26,1,7
BRDA:195,27,0,6
BRDA:195,27,1,1
BRDA:200,28,0,1
BRDA:200,28,1,2
BRDA:205,29,0,1
BRDA:205,29,1,1
BRDA:217,30,0,2
BRDA:217,30,1,5
BRDA:217,31,0,7
BRDA:217,31,1,6
BRDA:221,32,0,1
BRDA:221,32,1,4
BRDA:229,33,0,1
BRDA:229,33,1,3
BRDA:233,34,0,1
BRDA:233,34,1,2
BRDA:239,35,0,1
BRDA:239,35,1,1
BRDA:254,36,0,1
BRDA:254,36,1,2
BRDA:254,37,0,3
BRDA:254,37,1,3
BRDA:259,38,0,7
BRDA:259,38,1,7
BRDA:264,39,0,1
BRDA:264,39,1,2
BRDA:277,40,0,0
BRDA:277,40,1,20
BRDA:279,41,0,0
BRDA:279,41,1,0
BRDA:281,42,0,0
BRDA:281,42,1,0
BRDA:289,43,0,0
BRDA:289,43,1,0
BRDA:291,44,0,0
BRDA:291,44,1,0
BRDA:305,45,0,11
BRDA:305,45,1,1028
BRDA:307,46,0,0
BRDA:307,46,1,11
BRDA:317,47,0,1039
BRDA:317,47,1,0
BRDA:340,48,0,0
BRDA:340,48,1,2
BRDA:350,49,0,0
BRDA:350,49,1,4
BRDA:356,50,0,1
BRDA:356,50,1,3
BRDA:362,51,0,3
BRDA:362,51,1,0
BRF:103
BRH:87
end_of_record
